{"D:\\CLAUDECODE\\yourcrush\\src\\shared\\ai\\aiClient.ts": {"path":"D:\\CLAUDECODE\\yourcrush\\src\\shared\\ai\\aiClient.ts","statementMap":{"0":{"start":{"line":135,"column":0},"end":{"line":135,"column":7}},"1":{"start":{"line":43,"column":19},"end":{"line":57,"column":4}},"2":{"start":{"line":59,"column":2},"end":{"line":62,"column":3}},"3":{"start":{"line":60,"column":22},"end":{"line":60,"column":43}},"4":{"start":{"line":61,"column":4},"end":{"line":61,"column":null}},"5":{"start":{"line":64,"column":16},"end":{"line":64,"column":37}},"6":{"start":{"line":65,"column":20},"end":{"line":67,"column":33}},"7":{"start":{"line":66,"column":19},"end":{"line":66,"column":46}},"8":{"start":{"line":67,"column":16},"end":{"line":67,"column":32}},"9":{"start":{"line":69,"column":2},"end":{"line":69,"column":null}},"10":{"start":{"line":75,"column":44},"end":{"line":79,"column":null}},"11":{"start":{"line":81,"column":18},"end":{"line":81,"column":44}},"12":{"start":{"line":82,"column":2},"end":{"line":84,"column":3}},"13":{"start":{"line":83,"column":4},"end":{"line":83,"column":null}},"14":{"start":{"line":86,"column":34},"end":{"line":89,"column":null}},"15":{"start":{"line":91,"column":19},"end":{"line":103,"column":4}},"16":{"start":{"line":105,"column":2},"end":{"line":108,"column":3}},"17":{"start":{"line":106,"column":22},"end":{"line":106,"column":43}},"18":{"start":{"line":107,"column":4},"end":{"line":107,"column":null}},"19":{"start":{"line":110,"column":16},"end":{"line":110,"column":37}},"20":{"start":{"line":111,"column":17},"end":{"line":111,"column":43}},"21":{"start":{"line":113,"column":2},"end":{"line":115,"column":3}},"22":{"start":{"line":114,"column":4},"end":{"line":114,"column":null}},"23":{"start":{"line":119,"column":15},"end":{"line":119,"column":37}},"24":{"start":{"line":121,"column":2},"end":{"line":123,"column":3}},"25":{"start":{"line":122,"column":4},"end":{"line":122,"column":null}},"26":{"start":{"line":125,"column":2},"end":{"line":125,"column":null}},"27":{"start":{"line":136,"column":2},"end":{"line":138,"column":3}},"28":{"start":{"line":137,"column":4},"end":{"line":137,"column":null}},"29":{"start":{"line":140,"column":2},"end":{"line":142,"column":3}},"30":{"start":{"line":141,"column":4},"end":{"line":141,"column":null}},"31":{"start":{"line":145,"column":2},"end":{"line":147,"column":3}},"32":{"start":{"line":146,"column":4},"end":{"line":146,"column":null}},"33":{"start":{"line":149,"column":2},"end":{"line":149,"column":null}}},"fnMap":{"0":{"name":"callAnthropic","decl":{"start":{"line":42,"column":15},"end":{"line":42,"column":28}},"loc":{"start":{"line":42,"column":49},"end":{"line":70,"column":1}}},"1":{"name":"(anonymous_1)","decl":{"start":{"line":66,"column":12},"end":{"line":66,"column":13}},"loc":{"start":{"line":66,"column":19},"end":{"line":66,"column":46}}},"2":{"name":"(anonymous_2)","decl":{"start":{"line":67,"column":9},"end":{"line":67,"column":10}},"loc":{"start":{"line":67,"column":16},"end":{"line":67,"column":32}}},"3":{"name":"callOpenAICompatible","decl":{"start":{"line":73,"column":15},"end":{"line":73,"column":35}},"loc":{"start":{"line":73,"column":56},"end":{"line":126,"column":1}}},"4":{"name":"generateNarrative","decl":{"start":{"line":135,"column":22},"end":{"line":135,"column":39}},"loc":{"start":{"line":135,"column":60},"end":{"line":150,"column":1}}}},"branchMap":{"0":{"loc":{"start":{"line":52,"column":18},"end":{"line":52,"column":42}},"type":"binary-expr","locations":[{"start":{"line":52,"column":18},"end":{"line":52,"column":34}},{"start":{"line":52,"column":38},"end":{"line":52,"column":42}}]},"1":{"loc":{"start":{"line":53,"column":19},"end":{"line":53,"column":44}},"type":"binary-expr","locations":[{"start":{"line":53,"column":19},"end":{"line":53,"column":37}},{"start":{"line":53,"column":41},"end":{"line":53,"column":44}}]},"2":{"loc":{"start":{"line":59,"column":2},"end":{"line":62,"column":3}},"type":"if","locations":[{"start":{"line":59,"column":2},"end":{"line":62,"column":3}}]},"3":{"loc":{"start":{"line":66,"column":19},"end":{"line":66,"column":46}},"type":"binary-expr","locations":[{"start":{"line":66,"column":19},"end":{"line":66,"column":36}},{"start":{"line":66,"column":40},"end":{"line":66,"column":46}}]},"4":{"loc":{"start":{"line":82,"column":2},"end":{"line":84,"column":3}},"type":"if","locations":[{"start":{"line":82,"column":2},"end":{"line":84,"column":3}}]},"5":{"loc":{"start":{"line":99,"column":18},"end":{"line":99,"column":42}},"type":"binary-expr","locations":[{"start":{"line":99,"column":18},"end":{"line":99,"column":34}},{"start":{"line":99,"column":38},"end":{"line":99,"column":42}}]},"6":{"loc":{"start":{"line":100,"column":19},"end":{"line":100,"column":44}},"type":"binary-expr","locations":[{"start":{"line":100,"column":19},"end":{"line":100,"column":37}},{"start":{"line":100,"column":41},"end":{"line":100,"column":44}}]},"7":{"loc":{"start":{"line":105,"column":2},"end":{"line":108,"column":3}},"type":"if","locations":[{"start":{"line":105,"column":2},"end":{"line":108,"column":3}}]},"8":{"loc":{"start":{"line":113,"column":2},"end":{"line":115,"column":3}},"type":"if","locations":[{"start":{"line":113,"column":2},"end":{"line":115,"column":3}}]},"9":{"loc":{"start":{"line":121,"column":2},"end":{"line":123,"column":3}},"type":"if","locations":[{"start":{"line":121,"column":2},"end":{"line":123,"column":3}}]},"10":{"loc":{"start":{"line":136,"column":2},"end":{"line":138,"column":3}},"type":"if","locations":[{"start":{"line":136,"column":2},"end":{"line":138,"column":3}}]},"11":{"loc":{"start":{"line":136,"column":6},"end":{"line":136,"column":51}},"type":"binary-expr","locations":[{"start":{"line":136,"column":6},"end":{"line":136,"column":20}},{"start":{"line":136,"column":24},"end":{"line":136,"column":51}}]},"12":{"loc":{"start":{"line":140,"column":2},"end":{"line":142,"column":3}},"type":"if","locations":[{"start":{"line":140,"column":2},"end":{"line":142,"column":3}}]},"13":{"loc":{"start":{"line":140,"column":6},"end":{"line":140,"column":63}},"type":"binary-expr","locations":[{"start":{"line":140,"column":6},"end":{"line":140,"column":26}},{"start":{"line":140,"column":30},"end":{"line":140,"column":63}}]},"14":{"loc":{"start":{"line":145,"column":2},"end":{"line":147,"column":3}},"type":"if","locations":[{"start":{"line":145,"column":2},"end":{"line":147,"column":3}}]}},"s":{"0":1,"1":0,"2":0,"3":0,"4":0,"5":0,"6":0,"7":0,"8":0,"9":0,"10":0,"11":0,"12":0,"13":0,"14":0,"15":0,"16":0,"17":0,"18":0,"19":0,"20":0,"21":0,"22":0,"23":0,"24":0,"25":0,"26":0,"27":0,"28":0,"29":0,"30":0,"31":0,"32":0,"33":0},"f":{"0":0,"1":0,"2":0,"3":0,"4":0},"b":{"0":[0,0],"1":[0,0],"2":[0],"3":[0,0],"4":[0],"5":[0,0],"6":[0,0],"7":[0],"8":[0],"9":[0],"10":[0],"11":[0,0],"12":[0],"13":[0,0],"14":[0]}}
,"D:\\CLAUDECODE\\yourcrush\\src\\shared\\ai\\promptBuilder.ts": {"path":"D:\\CLAUDECODE\\yourcrush\\src\\shared\\ai\\promptBuilder.ts","statementMap":{"0":{"start":{"line":86,"column":0},"end":{"line":86,"column":16}},"1":{"start":{"line":138,"column":0},"end":{"line":138,"column":16}},"2":{"start":{"line":34,"column":30},"end":{"line":51,"column":null}},"3":{"start":{"line":54,"column":31},"end":{"line":76,"column":null}},"4":{"start":{"line":91,"column":29},"end":{"line":91,"column":31}},"5":{"start":{"line":94,"column":2},"end":{"line":96,"column":3}},"6":{"start":{"line":95,"column":4},"end":{"line":95,"column":null}},"7":{"start":{"line":99,"column":2},"end":{"line":101,"column":3}},"8":{"start":{"line":100,"column":4},"end":{"line":100,"column":null}},"9":{"start":{"line":104,"column":2},"end":{"line":106,"column":3}},"10":{"start":{"line":105,"column":4},"end":{"line":105,"column":null}},"11":{"start":{"line":109,"column":2},"end":{"line":111,"column":3}},"12":{"start":{"line":110,"column":4},"end":{"line":110,"column":null}},"13":{"start":{"line":114,"column":2},"end":{"line":117,"column":3}},"14":{"start":{"line":115,"column":4},"end":{"line":115,"column":null}},"15":{"start":{"line":116,"column":4},"end":{"line":116,"column":null}},"16":{"start":{"line":120,"column":2},"end":{"line":120,"column":null}},"17":{"start":{"line":123,"column":2},"end":{"line":125,"column":3}},"18":{"start":{"line":124,"column":4},"end":{"line":124,"column":null}},"19":{"start":{"line":127,"column":2},"end":{"line":127,"column":null}},"20":{"start":{"line":139,"column":20},"end":{"line":139,"column":42}},"21":{"start":{"line":140,"column":18},"end":{"line":140,"column":39}},"22":{"start":{"line":143,"column":2},"end":{"line":162,"column":3}},"23":{"start":{"line":144,"column":17},"end":{"line":147,"column":48}},"24":{"start":{"line":150,"column":4},"end":{"line":155,"column":5}},"25":{"start":{"line":151,"column":6},"end":{"line":151,"column":null}},"26":{"start":{"line":152,"column":6},"end":{"line":154,"column":7}},"27":{"start":{"line":153,"column":8},"end":{"line":153,"column":null}},"28":{"start":{"line":157,"column":4},"end":{"line":159,"column":5}},"29":{"start":{"line":158,"column":6},"end":{"line":158,"column":null}},"30":{"start":{"line":161,"column":4},"end":{"line":161,"column":null}},"31":{"start":{"line":165,"column":15},"end":{"line":165,"column":56}},"32":{"start":{"line":167,"column":2},"end":{"line":169,"column":3}},"33":{"start":{"line":168,"column":4},"end":{"line":168,"column":null}},"34":{"start":{"line":171,"column":2},"end":{"line":177,"column":null}},"35":{"start":{"line":179,"column":2},"end":{"line":184,"column":3}},"36":{"start":{"line":180,"column":4},"end":{"line":180,"column":null}},"37":{"start":{"line":181,"column":4},"end":{"line":183,"column":5}},"38":{"start":{"line":182,"column":6},"end":{"line":182,"column":null}},"39":{"start":{"line":186,"column":2},"end":{"line":188,"column":3}},"40":{"start":{"line":187,"column":4},"end":{"line":187,"column":null}},"41":{"start":{"line":190,"column":2},"end":{"line":190,"column":null}}},"fnMap":{"0":{"name":"buildSystemPrompt","decl":{"start":{"line":86,"column":16},"end":{"line":86,"column":33}},"loc":{"start":{"line":89,"column":31},"end":{"line":128,"column":1}}},"1":{"name":"buildUserPrompt","decl":{"start":{"line":138,"column":16},"end":{"line":138,"column":31}},"loc":{"start":{"line":138,"column":101},"end":{"line":191,"column":1}}}},"branchMap":{"0":{"loc":{"start":{"line":94,"column":2},"end":{"line":96,"column":3}},"type":"if","locations":[{"start":{"line":94,"column":2},"end":{"line":96,"column":3}}]},"1":{"loc":{"start":{"line":99,"column":2},"end":{"line":101,"column":3}},"type":"if","locations":[{"start":{"line":99,"column":2},"end":{"line":101,"column":3}}]},"2":{"loc":{"start":{"line":104,"column":2},"end":{"line":106,"column":3}},"type":"if","locations":[{"start":{"line":104,"column":2},"end":{"line":106,"column":3}}]},"3":{"loc":{"start":{"line":109,"column":2},"end":{"line":111,"column":3}},"type":"if","locations":[{"start":{"line":109,"column":2},"end":{"line":111,"column":3}}]},"4":{"loc":{"start":{"line":114,"column":2},"end":{"line":117,"column":3}},"type":"if","locations":[{"start":{"line":114,"column":2},"end":{"line":117,"column":3}}]},"5":{"loc":{"start":{"line":123,"column":2},"end":{"line":125,"column":3}},"type":"if","locations":[{"start":{"line":123,"column":2},"end":{"line":125,"column":3}}]},"6":{"loc":{"start":{"line":139,"column":20},"end":{"line":139,"column":42}},"type":"binary-expr","locations":[{"start":{"line":139,"column":20},"end":{"line":139,"column":37}},{"start":{"line":139,"column":41},"end":{"line":139,"column":42}}]},"7":{"loc":{"start":{"line":140,"column":18},"end":{"line":140,"column":39}},"type":"binary-expr","locations":[{"start":{"line":140,"column":18},"end":{"line":140,"column":33}},{"start":{"line":140,"column":37},"end":{"line":140,"column":39}}]},"8":{"loc":{"start":{"line":143,"column":2},"end":{"line":162,"column":3}},"type":"if","locations":[{"start":{"line":143,"column":2},"end":{"line":162,"column":3}}]},"9":{"loc":{"start":{"line":147,"column":31},"end":{"line":147,"column":47}},"type":"binary-expr","locations":[{"start":{"line":147,"column":31},"end":{"line":147,"column":38}},{"start":{"line":147,"column":42},"end":{"line":147,"column":47}}]},"10":{"loc":{"start":{"line":150,"column":4},"end":{"line":155,"column":5}},"type":"if","locations":[{"start":{"line":150,"column":4},"end":{"line":155,"column":5}}]},"11":{"loc":{"start":{"line":150,"column":8},"end":{"line":150,"column":61}},"type":"binary-expr","locations":[{"start":{"line":150,"column":8},"end":{"line":150,"column":38}},{"start":{"line":150,"column":42},"end":{"line":150,"column":61}}]},"12":{"loc":{"start":{"line":152,"column":6},"end":{"line":154,"column":7}},"type":"if","locations":[{"start":{"line":152,"column":6},"end":{"line":154,"column":7}}]},"13":{"loc":{"start":{"line":157,"column":4},"end":{"line":159,"column":5}},"type":"if","locations":[{"start":{"line":157,"column":4},"end":{"line":159,"column":5}}]},"14":{"loc":{"start":{"line":167,"column":2},"end":{"line":169,"column":3}},"type":"if","locations":[{"start":{"line":167,"column":2},"end":{"line":169,"column":3}}]},"15":{"loc":{"start":{"line":179,"column":2},"end":{"line":184,"column":3}},"type":"if","locations":[{"start":{"line":179,"column":2},"end":{"line":184,"column":3}}]},"16":{"loc":{"start":{"line":179,"column":6},"end":{"line":179,"column":59}},"type":"binary-expr","locations":[{"start":{"line":179,"column":6},"end":{"line":179,"column":36}},{"start":{"line":179,"column":40},"end":{"line":179,"column":59}}]},"17":{"loc":{"start":{"line":181,"column":4},"end":{"line":183,"column":5}},"type":"if","locations":[{"start":{"line":181,"column":4},"end":{"line":183,"column":5}}]},"18":{"loc":{"start":{"line":186,"column":2},"end":{"line":188,"column":3}},"type":"if","locations":[{"start":{"line":186,"column":2},"end":{"line":188,"column":3}}]}},"s":{"0":1,"1":1,"2":1,"3":1,"4":2,"5":2,"6":2,"7":2,"8":0,"9":2,"10":0,"11":2,"12":0,"13":2,"14":0,"15":0,"16":2,"17":2,"18":0,"19":2,"20":2,"21":2,"22":2,"23":0,"24":0,"25":0,"26":0,"27":0,"28":0,"29":0,"30":0,"31":2,"32":2,"33":1,"34":2,"35":2,"36":0,"37":0,"38":0,"39":2,"40":0,"41":2},"f":{"0":2,"1":2},"b":{"0":[2],"1":[0],"2":[0],"3":[0],"4":[0],"5":[0],"6":[2,0],"7":[2,1],"8":[0],"9":[0,0],"10":[0],"11":[0,0],"12":[0],"13":[0],"14":[1],"15":[0],"16":[2,0],"17":[0],"18":[0]}}
,"D:\\CLAUDECODE\\yourcrush\\src\\shared\\crush\\contextLoader.ts": {"path":"D:\\CLAUDECODE\\yourcrush\\src\\shared\\crush\\contextLoader.ts","statementMap":{"0":{"start":{"line":48,"column":0},"end":{"line":48,"column":16}},"1":{"start":{"line":7,"column":0},"end":{"line":7,"column":24}},"2":{"start":{"line":8,"column":0},"end":{"line":8,"column":28}},"3":{"start":{"line":9,"column":0},"end":{"line":9,"column":66}},"4":{"start":{"line":31,"column":2},"end":{"line":37,"column":3}},"5":{"start":{"line":32,"column":4},"end":{"line":34,"column":5}},"6":{"start":{"line":33,"column":6},"end":{"line":33,"column":null}},"7":{"start":{"line":38,"column":2},"end":{"line":38,"column":null}},"8":{"start":{"line":49,"column":19},"end":{"line":49,"column":58}},"9":{"start":{"line":51,"column":29},"end":{"line":51,"column":68}},"10":{"start":{"line":52,"column":26},"end":{"line":52,"column":64}},"11":{"start":{"line":54,"column":18},"end":{"line":54,"column":65}},"12":{"start":{"line":55,"column":17},"end":{"line":55,"column":63}},"13":{"start":{"line":56,"column":18},"end":{"line":56,"column":65}},"14":{"start":{"line":57,"column":25},"end":{"line":57,"column":72}},"15":{"start":{"line":59,"column":41},"end":{"line":59,"column":45}},"16":{"start":{"line":60,"column":2},"end":{"line":65,"column":3}},"17":{"start":{"line":61,"column":15},"end":{"line":61,"column":73}},"18":{"start":{"line":62,"column":4},"end":{"line":64,"column":5}},"19":{"start":{"line":63,"column":6},"end":{"line":63,"column":null}},"20":{"start":{"line":67,"column":2},"end":{"line":74,"column":null}}},"fnMap":{"0":{"name":"readTextFile","decl":{"start":{"line":30,"column":9},"end":{"line":30,"column":21}},"loc":{"start":{"line":30,"column":38},"end":{"line":39,"column":1}}},"1":{"name":"loadCrushContext","decl":{"start":{"line":48,"column":16},"end":{"line":48,"column":32}},"loc":{"start":{"line":48,"column":66},"end":{"line":75,"column":1}}}},"branchMap":{"0":{"loc":{"start":{"line":32,"column":4},"end":{"line":34,"column":5}},"type":"if","locations":[{"start":{"line":32,"column":4},"end":{"line":34,"column":5}}]},"1":{"loc":{"start":{"line":60,"column":2},"end":{"line":65,"column":3}},"type":"if","locations":[{"start":{"line":60,"column":2},"end":{"line":65,"column":3}}]},"2":{"loc":{"start":{"line":62,"column":4},"end":{"line":64,"column":5}},"type":"if","locations":[{"start":{"line":62,"column":4},"end":{"line":64,"column":5}}]}},"s":{"0":1,"1":1,"2":1,"3":1,"4":8,"5":8,"6":2,"7":6,"8":2,"9":2,"10":2,"11":2,"12":2,"13":2,"14":2,"15":2,"16":2,"17":0,"18":0,"19":0,"20":2},"f":{"0":8,"1":2},"b":{"0":[2],"1":[0],"2":[0]}}
,"D:\\CLAUDECODE\\yourcrush\\src\\shared\\crush\\crushStore.ts": {"path":"D:\\CLAUDECODE\\yourcrush\\src\\shared\\crush\\crushStore.ts","statementMap":{"0":{"start":{"line":73,"column":0},"end":{"line":73,"column":16}},"1":{"start":{"line":152,"column":0},"end":{"line":152,"column":16}},"2":{"start":{"line":182,"column":0},"end":{"line":182,"column":16}},"3":{"start":{"line":203,"column":0},"end":{"line":203,"column":16}},"4":{"start":{"line":241,"column":0},"end":{"line":241,"column":16}},"5":{"start":{"line":15,"column":0},"end":{"line":15,"column":24}},"6":{"start":{"line":16,"column":0},"end":{"line":16,"column":28}},"7":{"start":{"line":17,"column":0},"end":{"line":17,"column":66}},"8":{"start":{"line":40,"column":2},"end":{"line":40,"column":null}},"9":{"start":{"line":45,"column":2},"end":{"line":45,"column":null}},"10":{"start":{"line":58,"column":14},"end":{"line":58,"column":46}},"11":{"start":{"line":59,"column":14},"end":{"line":59,"column":44}},"12":{"start":{"line":60,"column":2},"end":{"line":60,"column":33}},"13":{"start":{"line":60,"column":27},"end":{"line":60,"column":33}},"14":{"start":{"line":61,"column":16},"end":{"line":61,"column":45}},"15":{"start":{"line":62,"column":2},"end":{"line":64,"column":3}},"16":{"start":{"line":63,"column":4},"end":{"line":63,"column":null}},"17":{"start":{"line":65,"column":2},"end":{"line":65,"column":null}},"18":{"start":{"line":77,"column":35},"end":{"line":77,"column":41}},"19":{"start":{"line":78,"column":2},"end":{"line":80,"column":3}},"20":{"start":{"line":79,"column":4},"end":{"line":79,"column":null}},"21":{"start":{"line":81,"column":2},"end":{"line":148,"column":3}},"22":{"start":{"line":82,"column":16},"end":{"line":82,"column":43}},"23":{"start":{"line":84,"column":4},"end":{"line":84,"column":null}},"24":{"start":{"line":85,"column":4},"end":{"line":85,"column":null}},"25":{"start":{"line":86,"column":4},"end":{"line":86,"column":null}},"26":{"start":{"line":88,"column":24},"end":{"line":88,"column":69}},"27":{"start":{"line":89,"column":27},"end":{"line":89,"column":53}},"28":{"start":{"line":90,"column":16},"end":{"line":90,"column":24}},"29":{"start":{"line":91,"column":49},"end":{"line":96,"column":null}},"30":{"start":{"line":98,"column":4},"end":{"line":135,"column":5}},"31":{"start":{"line":100,"column":28},"end":{"line":109,"column":null}},"32":{"start":{"line":110,"column":6},"end":{"line":112,"column":7}},"33":{"start":{"line":111,"column":8},"end":{"line":111,"column":null}},"34":{"start":{"line":115,"column":30},"end":{"line":125,"column":null}},"35":{"start":{"line":126,"column":6},"end":{"line":126,"column":null}},"36":{"start":{"line":127,"column":25},"end":{"line":127,"column":52}},"37":{"start":{"line":128,"column":6},"end":{"line":130,"column":7}},"38":{"start":{"line":129,"column":8},"end":{"line":129,"column":null}},"39":{"start":{"line":131,"column":26},"end":{"line":131,"column":54}},"40":{"start":{"line":132,"column":6},"end":{"line":134,"column":7}},"41":{"start":{"line":133,"column":8},"end":{"line":133,"column":null}},"42":{"start":{"line":138,"column":25},"end":{"line":138,"column":59}},"43":{"start":{"line":139,"column":4},"end":{"line":141,"column":5}},"44":{"start":{"line":140,"column":6},"end":{"line":140,"column":null}},"45":{"start":{"line":144,"column":17},"end":{"line":144,"column":65}},"46":{"start":{"line":145,"column":4},"end":{"line":145,"column":null}},"47":{"start":{"line":147,"column":4},"end":{"line":147,"column":null}},"48":{"start":{"line":153,"column":2},"end":{"line":178,"column":3}},"49":{"start":{"line":154,"column":23},"end":{"line":154,"column":56}},"50":{"start":{"line":155,"column":4},"end":{"line":157,"column":5}},"51":{"start":{"line":156,"column":6},"end":{"line":156,"column":null}},"52":{"start":{"line":158,"column":33},"end":{"line":158,"column":35}},"53":{"start":{"line":160,"column":20},"end":{"line":161,"column":null}},"54":{"start":{"line":161,"column":6},"end":{"line":161,"column":52}},"55":{"start":{"line":163,"column":4},"end":{"line":174,"column":5}},"56":{"start":{"line":164,"column":6},"end":{"line":164,"column":40}},"57":{"start":{"line":164,"column":32},"end":{"line":164,"column":40}},"58":{"start":{"line":166,"column":6},"end":{"line":166,"column":45}},"59":{"start":{"line":166,"column":37},"end":{"line":166,"column":45}},"60":{"start":{"line":167,"column":19},"end":{"line":167,"column":86}},"61":{"start":{"line":168,"column":6},"end":{"line":173,"column":7}},"62":{"start":{"line":169,"column":8},"end":{"line":169,"column":null}},"63":{"start":{"line":172,"column":8},"end":{"line":172,"column":null}},"64":{"start":{"line":175,"column":4},"end":{"line":175,"column":null}},"65":{"start":{"line":177,"column":4},"end":{"line":177,"column":null}},"66":{"start":{"line":183,"column":2},"end":{"line":185,"column":3}},"67":{"start":{"line":184,"column":4},"end":{"line":184,"column":null}},"68":{"start":{"line":186,"column":2},"end":{"line":199,"column":3}},"69":{"start":{"line":187,"column":16},"end":{"line":187,"column":43}},"70":{"start":{"line":188,"column":21},"end":{"line":188,"column":48}},"71":{"start":{"line":189,"column":4},"end":{"line":191,"column":5}},"72":{"start":{"line":190,"column":6},"end":{"line":190,"column":null}},"73":{"start":{"line":192,"column":17},"end":{"line":192,"column":46}},"74":{"start":{"line":193,"column":4},"end":{"line":195,"column":5}},"75":{"start":{"line":194,"column":6},"end":{"line":194,"column":null}},"76":{"start":{"line":196,"column":4},"end":{"line":196,"column":null}},"77":{"start":{"line":198,"column":4},"end":{"line":198,"column":null}},"78":{"start":{"line":213,"column":19},"end":{"line":213,"column":25}},"79":{"start":{"line":214,"column":2},"end":{"line":216,"column":3}},"80":{"start":{"line":215,"column":4},"end":{"line":215,"column":null}},"81":{"start":{"line":217,"column":2},"end":{"line":237,"column":3}},"82":{"start":{"line":218,"column":16},"end":{"line":218,"column":43}},"83":{"start":{"line":219,"column":21},"end":{"line":219,"column":48}},"84":{"start":{"line":220,"column":4},"end":{"line":222,"column":5}},"85":{"start":{"line":221,"column":6},"end":{"line":221,"column":null}},"86":{"start":{"line":223,"column":17},"end":{"line":223,"column":46}},"87":{"start":{"line":224,"column":4},"end":{"line":226,"column":5}},"88":{"start":{"line":225,"column":6},"end":{"line":225,"column":null}},"89":{"start":{"line":228,"column":4},"end":{"line":228,"column":null}},"90":{"start":{"line":228,"column":35},"end":{"line":228,"column":null}},"91":{"start":{"line":229,"column":4},"end":{"line":229,"column":null}},"92":{"start":{"line":229,"column":39},"end":{"line":229,"column":null}},"93":{"start":{"line":230,"column":4},"end":{"line":230,"column":null}},"94":{"start":{"line":230,"column":42},"end":{"line":230,"column":null}},"95":{"start":{"line":231,"column":4},"end":{"line":231,"column":null}},"96":{"start":{"line":231,"column":37},"end":{"line":231,"column":null}},"97":{"start":{"line":232,"column":4},"end":{"line":232,"column":null}},"98":{"start":{"line":233,"column":4},"end":{"line":233,"column":null}},"99":{"start":{"line":234,"column":4},"end":{"line":234,"column":null}},"100":{"start":{"line":236,"column":4},"end":{"line":236,"column":null}},"101":{"start":{"line":242,"column":2},"end":{"line":244,"column":3}},"102":{"start":{"line":243,"column":4},"end":{"line":243,"column":null}},"103":{"start":{"line":245,"column":2},"end":{"line":254,"column":3}},"104":{"start":{"line":246,"column":16},"end":{"line":246,"column":43}},"105":{"start":{"line":247,"column":4},"end":{"line":249,"column":5}},"106":{"start":{"line":248,"column":6},"end":{"line":248,"column":null}},"107":{"start":{"line":250,"column":4},"end":{"line":250,"column":null}},"108":{"start":{"line":251,"column":4},"end":{"line":251,"column":null}},"109":{"start":{"line":253,"column":4},"end":{"line":253,"column":null}}},"fnMap":{"0":{"name":"crushDir","decl":{"start":{"line":39,"column":9},"end":{"line":39,"column":17}},"loc":{"start":{"line":39,"column":51},"end":{"line":41,"column":1}}},"1":{"name":"nowISO","decl":{"start":{"line":43,"column":9},"end":{"line":43,"column":15}},"loc":{"start":{"line":43,"column":15},"end":{"line":46,"column":1}}},"2":{"name":"copyTemplateFile","decl":{"start":{"line":52,"column":9},"end":{"line":52,"column":25}},"loc":{"start":{"line":56,"column":38},"end":{"line":66,"column":1}}},"3":{"name":"createCrush","decl":{"start":{"line":73,"column":16},"end":{"line":73,"column":27}},"loc":{"start":{"line":75,"column":97},"end":{"line":149,"column":1}}},"4":{"name":"listCrushes","decl":{"start":{"line":152,"column":16},"end":{"line":152,"column":27}},"loc":{"start":{"line":152,"column":47},"end":{"line":179,"column":1}}},"5":{"name":"(anonymous_5)","decl":{"start":{"line":160,"column":77},"end":{"line":160,"column":78}},"loc":{"start":{"line":161,"column":6},"end":{"line":161,"column":52}}},"6":{"name":"getCrush","decl":{"start":{"line":182,"column":16},"end":{"line":182,"column":24}},"loc":{"start":{"line":182,"column":58},"end":{"line":200,"column":1}}},"7":{"name":"updateCrush","decl":{"start":{"line":203,"column":16},"end":{"line":203,"column":27}},"loc":{"start":{"line":211,"column":3},"end":{"line":238,"column":1}}},"8":{"name":"deleteCrush","decl":{"start":{"line":241,"column":16},"end":{"line":241,"column":27}},"loc":{"start":{"line":241,"column":61},"end":{"line":255,"column":1}}}},"branchMap":{"0":{"loc":{"start":{"line":60,"column":2},"end":{"line":60,"column":33}},"type":"if","locations":[{"start":{"line":60,"column":2},"end":{"line":60,"column":33}}]},"1":{"loc":{"start":{"line":78,"column":2},"end":{"line":80,"column":3}},"type":"if","locations":[{"start":{"line":78,"column":2},"end":{"line":80,"column":3}}]},"2":{"loc":{"start":{"line":78,"column":6},"end":{"line":78,"column":33}},"type":"binary-expr","locations":[{"start":{"line":78,"column":6},"end":{"line":78,"column":11}},{"start":{"line":78,"column":15},"end":{"line":78,"column":24}},{"start":{"line":78,"column":28},"end":{"line":78,"column":33}}]},"3":{"loc":{"start":{"line":98,"column":4},"end":{"line":135,"column":5}},"type":"if","locations":[{"start":{"line":98,"column":4},"end":{"line":135,"column":5}},{"start":{"line":113,"column":11},"end":{"line":135,"column":5}}]},"4":{"loc":{"start":{"line":119,"column":16},"end":{"line":119,"column":42}},"type":"binary-expr","locations":[{"start":{"line":119,"column":16},"end":{"line":119,"column":29}},{"start":{"line":119,"column":33},"end":{"line":119,"column":42}}]},"5":{"loc":{"start":{"line":120,"column":21},"end":{"line":120,"column":45}},"type":"binary-expr","locations":[{"start":{"line":120,"column":21},"end":{"line":120,"column":39}},{"start":{"line":120,"column":43},"end":{"line":120,"column":45}}]},"6":{"loc":{"start":{"line":128,"column":6},"end":{"line":130,"column":7}},"type":"if","locations":[{"start":{"line":128,"column":6},"end":{"line":130,"column":7}}]},"7":{"loc":{"start":{"line":132,"column":6},"end":{"line":134,"column":7}},"type":"if","locations":[{"start":{"line":132,"column":6},"end":{"line":134,"column":7}}]},"8":{"loc":{"start":{"line":139,"column":4},"end":{"line":141,"column":5}},"type":"if","locations":[{"start":{"line":139,"column":4},"end":{"line":141,"column":5}}]},"9":{"loc":{"start":{"line":145,"column":34},"end":{"line":145,"column":79}},"type":"binary-expr","locations":[{"start":{"line":145,"column":34},"end":{"line":145,"column":38}},{"start":{"line":145,"column":42},"end":{"line":145,"column":79}}]},"10":{"loc":{"start":{"line":147,"column":45},"end":{"line":147,"column":60}},"type":"binary-expr","locations":[{"start":{"line":147,"column":45},"end":{"line":147,"column":55}},{"start":{"line":147,"column":59},"end":{"line":147,"column":60}}]},"11":{"loc":{"start":{"line":155,"column":4},"end":{"line":157,"column":5}},"type":"if","locations":[{"start":{"line":155,"column":4},"end":{"line":157,"column":5}}]},"12":{"loc":{"start":{"line":161,"column":6},"end":{"line":161,"column":52}},"type":"cond-expr","locations":[{"start":{"line":161,"column":24},"end":{"line":161,"column":26}},{"start":{"line":161,"column":29},"end":{"line":161,"column":52}}]},"13":{"loc":{"start":{"line":161,"column":29},"end":{"line":161,"column":52}},"type":"cond-expr","locations":[{"start":{"line":161,"column":47},"end":{"line":161,"column":48}},{"start":{"line":161,"column":51},"end":{"line":161,"column":52}}]},"14":{"loc":{"start":{"line":164,"column":6},"end":{"line":164,"column":40}},"type":"if","locations":[{"start":{"line":164,"column":6},"end":{"line":164,"column":40}}]},"15":{"loc":{"start":{"line":166,"column":6},"end":{"line":166,"column":45}},"type":"if","locations":[{"start":{"line":166,"column":6},"end":{"line":166,"column":45}}]},"16":{"loc":{"start":{"line":168,"column":6},"end":{"line":173,"column":7}},"type":"if","locations":[{"start":{"line":168,"column":6},"end":{"line":173,"column":7}},{"start":{"line":170,"column":13},"end":{"line":173,"column":7}}]},"17":{"loc":{"start":{"line":177,"column":45},"end":{"line":177,"column":60}},"type":"binary-expr","locations":[{"start":{"line":177,"column":45},"end":{"line":177,"column":55}},{"start":{"line":177,"column":59},"end":{"line":177,"column":60}}]},"18":{"loc":{"start":{"line":183,"column":2},"end":{"line":185,"column":3}},"type":"if","locations":[{"start":{"line":183,"column":2},"end":{"line":185,"column":3}}]},"19":{"loc":{"start":{"line":189,"column":4},"end":{"line":191,"column":5}},"type":"if","locations":[{"start":{"line":189,"column":4},"end":{"line":191,"column":5}}]},"20":{"loc":{"start":{"line":189,"column":8},"end":{"line":189,"column":55}},"type":"binary-expr","locations":[{"start":{"line":189,"column":8},"end":{"line":189,"column":27}},{"start":{"line":189,"column":31},"end":{"line":189,"column":55}}]},"21":{"loc":{"start":{"line":193,"column":4},"end":{"line":195,"column":5}},"type":"if","locations":[{"start":{"line":193,"column":4},"end":{"line":195,"column":5}}]},"22":{"loc":{"start":{"line":198,"column":45},"end":{"line":198,"column":60}},"type":"binary-expr","locations":[{"start":{"line":198,"column":45},"end":{"line":198,"column":55}},{"start":{"line":198,"column":59},"end":{"line":198,"column":60}}]},"23":{"loc":{"start":{"line":214,"column":2},"end":{"line":216,"column":3}},"type":"if","locations":[{"start":{"line":214,"column":2},"end":{"line":216,"column":3}}]},"24":{"loc":{"start":{"line":220,"column":4},"end":{"line":222,"column":5}},"type":"if","locations":[{"start":{"line":220,"column":4},"end":{"line":222,"column":5}}]},"25":{"loc":{"start":{"line":220,"column":8},"end":{"line":220,"column":55}},"type":"binary-expr","locations":[{"start":{"line":220,"column":8},"end":{"line":220,"column":27}},{"start":{"line":220,"column":31},"end":{"line":220,"column":55}}]},"26":{"loc":{"start":{"line":224,"column":4},"end":{"line":226,"column":5}},"type":"if","locations":[{"start":{"line":224,"column":4},"end":{"line":226,"column":5}}]},"27":{"loc":{"start":{"line":228,"column":4},"end":{"line":228,"column":null}},"type":"if","locations":[{"start":{"line":228,"column":4},"end":{"line":228,"column":null}}]},"28":{"loc":{"start":{"line":229,"column":4},"end":{"line":229,"column":null}},"type":"if","locations":[{"start":{"line":229,"column":4},"end":{"line":229,"column":null}}]},"29":{"loc":{"start":{"line":230,"column":4},"end":{"line":230,"column":null}},"type":"if","locations":[{"start":{"line":230,"column":4},"end":{"line":230,"column":null}}]},"30":{"loc":{"start":{"line":231,"column":4},"end":{"line":231,"column":null}},"type":"if","locations":[{"start":{"line":231,"column":4},"end":{"line":231,"column":null}}]},"31":{"loc":{"start":{"line":236,"column":45},"end":{"line":236,"column":60}},"type":"binary-expr","locations":[{"start":{"line":236,"column":45},"end":{"line":236,"column":55}},{"start":{"line":236,"column":59},"end":{"line":236,"column":60}}]},"32":{"loc":{"start":{"line":242,"column":2},"end":{"line":244,"column":3}},"type":"if","locations":[{"start":{"line":242,"column":2},"end":{"line":244,"column":3}}]},"33":{"loc":{"start":{"line":247,"column":4},"end":{"line":249,"column":5}},"type":"if","locations":[{"start":{"line":247,"column":4},"end":{"line":249,"column":5}}]},"34":{"loc":{"start":{"line":253,"column":45},"end":{"line":253,"column":60}},"type":"binary-expr","locations":[{"start":{"line":253,"column":45},"end":{"line":253,"column":55}},{"start":{"line":253,"column":59},"end":{"line":253,"column":60}}]}},"s":{"0":1,"1":1,"2":1,"3":1,"4":1,"5":1,"6":1,"7":1,"8":28,"9":18,"10":0,"11":0,"12":0,"13":0,"14":0,"15":0,"16":0,"17":0,"18":17,"19":17,"20":1,"21":16,"22":16,"23":16,"24":16,"25":16,"26":16,"27":16,"28":16,"29":16,"30":16,"31":0,"32":0,"33":0,"34":16,"35":16,"36":16,"37":16,"38":14,"39":16,"40":16,"41":14,"42":16,"43":16,"44":14,"45":16,"46":16,"47":0,"48":5,"49":5,"50":5,"51":1,"52":4,"53":4,"54":1,"55":4,"56":3,"57":0,"58":3,"59":0,"60":3,"61":3,"62":2,"63":1,"64":4,"65":0,"66":6,"67":1,"68":5,"69":5,"70":5,"71":5,"72":1,"73":4,"74":4,"75":0,"76":4,"77":0,"78":4,"79":4,"80":1,"81":3,"82":3,"83":3,"84":3,"85":1,"86":2,"87":2,"88":0,"89":2,"90":1,"91":2,"92":1,"93":2,"94":0,"95":2,"96":0,"97":2,"98":2,"99":2,"100":0,"101":4,"102":0,"103":4,"104":4,"105":4,"106":1,"107":3,"108":3,"109":0},"f":{"0":28,"1":18,"2":0,"3":17,"4":5,"5":1,"6":6,"7":4,"8":4},"b":{"0":[0],"1":[1],"2":[17,16,16],"3":[0,16],"4":[16,15],"5":[16,15],"6":[14],"7":[14],"8":[14],"9":[16,0],"10":[0,0],"11":[1],"12":[0,1],"13":[1,0],"14":[0],"15":[0],"16":[2,1],"17":[0,0],"18":[1],"19":[1],"20":[5,4],"21":[0],"22":[0,0],"23":[1],"24":[1],"25":[3,2],"26":[0],"27":[1],"28":[1],"29":[0],"30":[0],"31":[0,0],"32":[0],"33":[1],"34":[0,0]}}
,"D:\\CLAUDECODE\\yourcrush\\src\\shared\\day\\dayService.ts": {"path":"D:\\CLAUDECODE\\yourcrush\\src\\shared\\day\\dayService.ts","statementMap":{"0":{"start":{"line":48,"column":0},"end":{"line":48,"column":7}},"1":{"start":{"line":133,"column":0},"end":{"line":133,"column":7}},"2":{"start":{"line":190,"column":0},"end":{"line":190,"column":16}},"3":{"start":{"line":238,"column":0},"end":{"line":238,"column":16}},"4":{"start":{"line":266,"column":0},"end":{"line":266,"column":16}},"5":{"start":{"line":293,"column":0},"end":{"line":293,"column":16}},"6":{"start":{"line":13,"column":0},"end":{"line":13,"column":24}},"7":{"start":{"line":14,"column":0},"end":{"line":14,"column":28}},"8":{"start":{"line":15,"column":0},"end":{"line":15,"column":58}},"9":{"start":{"line":16,"column":0},"end":{"line":16,"column":57}},"10":{"start":{"line":17,"column":0},"end":{"line":17,"column":92}},"11":{"start":{"line":18,"column":0},"end":{"line":18,"column":50}},"12":{"start":{"line":26,"column":2},"end":{"line":26,"column":null}},"13":{"start":{"line":30,"column":2},"end":{"line":30,"column":null}},"14":{"start":{"line":34,"column":2},"end":{"line":34,"column":null}},"15":{"start":{"line":60,"column":2},"end":{"line":128,"column":3}},"16":{"start":{"line":62,"column":21},"end":{"line":62,"column":45}},"17":{"start":{"line":63,"column":19},"end":{"line":63,"column":56}},"18":{"start":{"line":64,"column":4},"end":{"line":69,"column":5}},"19":{"start":{"line":65,"column":6},"end":{"line":68,"column":null}},"20":{"start":{"line":71,"column":22},"end":{"line":71,"column":65}},"21":{"start":{"line":72,"column":21},"end":{"line":72,"column":76}},"22":{"start":{"line":73,"column":25},"end":{"line":73,"column":63}},"23":{"start":{"line":74,"column":23},"end":{"line":74,"column":60}},"24":{"start":{"line":77,"column":41},"end":{"line":80,"column":null}},"25":{"start":{"line":83,"column":16},"end":{"line":83,"column":58}},"26":{"start":{"line":86,"column":25},"end":{"line":92,"column":21}},"27":{"start":{"line":93,"column":23},"end":{"line":99,"column":21}},"28":{"start":{"line":102,"column":22},"end":{"line":110,"column":6}},"29":{"start":{"line":113,"column":21},"end":{"line":113,"column":73}},"30":{"start":{"line":114,"column":4},"end":{"line":114,"column":null}},"31":{"start":{"line":115,"column":4},"end":{"line":115,"column":null}},"32":{"start":{"line":117,"column":4},"end":{"line":125,"column":null}},"33":{"start":{"line":127,"column":4},"end":{"line":127,"column":null}},"34":{"start":{"line":148,"column":2},"end":{"line":186,"column":3}},"35":{"start":{"line":149,"column":21},"end":{"line":149,"column":73}},"36":{"start":{"line":152,"column":24},"end":{"line":152,"column":47}},"37":{"start":{"line":155,"column":4},"end":{"line":181,"column":5}},"38":{"start":{"line":156,"column":18},"end":{"line":156,"column":60}},"39":{"start":{"line":157,"column":27},"end":{"line":163,"column":8}},"40":{"start":{"line":164,"column":25},"end":{"line":170,"column":8}},"41":{"start":{"line":171,"column":6},"end":{"line":180,"column":null}},"42":{"start":{"line":183,"column":4},"end":{"line":183,"column":null}},"43":{"start":{"line":185,"column":4},"end":{"line":185,"column":null}},"44":{"start":{"line":194,"column":2},"end":{"line":234,"column":3}},"45":{"start":{"line":195,"column":16},"end":{"line":195,"column":50}},"46":{"start":{"line":196,"column":17},"end":{"line":196,"column":33}},"47":{"start":{"line":197,"column":21},"end":{"line":197,"column":43}},"48":{"start":{"line":199,"column":4},"end":{"line":201,"column":5}},"49":{"start":{"line":200,"column":6},"end":{"line":200,"column":null}},"50":{"start":{"line":204,"column":18},"end":{"line":211,"column":8}},"51":{"start":{"line":206,"column":21},"end":{"line":206,"column":43}},"52":{"start":{"line":208,"column":19},"end":{"line":208,"column":66}},"53":{"start":{"line":209,"column":19},"end":{"line":209,"column":66}},"54":{"start":{"line":210,"column":8},"end":{"line":210,"column":null}},"55":{"start":{"line":213,"column":17},"end":{"line":224,"column":6}},"56":{"start":{"line":215,"column":24},"end":{"line":215,"column":71}},"57":{"start":{"line":216,"column":23},"end":{"line":216,"column":40}},"58":{"start":{"line":217,"column":22},"end":{"line":217,"column":56}},"59":{"start":{"line":218,"column":6},"end":{"line":223,"column":null}},"60":{"start":{"line":227,"column":18},"end":{"line":227,"column":39}},"61":{"start":{"line":228,"column":16},"end":{"line":228,"column":32}},"62":{"start":{"line":229,"column":22},"end":{"line":229,"column":44}},"63":{"start":{"line":231,"column":4},"end":{"line":231,"column":null}},"64":{"start":{"line":233,"column":4},"end":{"line":233,"column":null}},"65":{"start":{"line":242,"column":2},"end":{"line":262,"column":3}},"66":{"start":{"line":243,"column":21},"end":{"line":243,"column":73}},"67":{"start":{"line":245,"column":4},"end":{"line":247,"column":5}},"68":{"start":{"line":246,"column":6},"end":{"line":246,"column":null}},"69":{"start":{"line":249,"column":20},"end":{"line":249,"column":54}},"70":{"start":{"line":251,"column":4},"end":{"line":259,"column":null}},"71":{"start":{"line":261,"column":4},"end":{"line":261,"column":null}},"72":{"start":{"line":270,"column":2},"end":{"line":289,"column":3}},"73":{"start":{"line":271,"column":21},"end":{"line":271,"column":73}},"74":{"start":{"line":273,"column":4},"end":{"line":275,"column":5}},"75":{"start":{"line":274,"column":6},"end":{"line":274,"column":null}},"76":{"start":{"line":277,"column":4},"end":{"line":277,"column":null}},"77":{"start":{"line":279,"column":4},"end":{"line":286,"column":null}},"78":{"start":{"line":288,"column":4},"end":{"line":288,"column":null}},"79":{"start":{"line":297,"column":2},"end":{"line":315,"column":3}},"80":{"start":{"line":298,"column":21},"end":{"line":298,"column":73}},"81":{"start":{"line":300,"column":4},"end":{"line":302,"column":5}},"82":{"start":{"line":301,"column":6},"end":{"line":301,"column":null}},"83":{"start":{"line":304,"column":4},"end":{"line":304,"column":null}},"84":{"start":{"line":306,"column":4},"end":{"line":312,"column":null}},"85":{"start":{"line":314,"column":4},"end":{"line":314,"column":null}}},"fnMap":{"0":{"name":"chatsDir","decl":{"start":{"line":25,"column":9},"end":{"line":25,"column":17}},"loc":{"start":{"line":25,"column":51},"end":{"line":27,"column":1}}},"1":{"name":"dayPath","decl":{"start":{"line":29,"column":9},"end":{"line":29,"column":16}},"loc":{"start":{"line":29,"column":69},"end":{"line":31,"column":1}}},"2":{"name":"formatNotFound","decl":{"start":{"line":33,"column":9},"end":{"line":33,"column":23}},"loc":{"start":{"line":33,"column":40},"end":{"line":35,"column":1}}},"3":{"name":"runPipeline","decl":{"start":{"line":48,"column":22},"end":{"line":48,"column":33}},"loc":{"start":{"line":58,"column":3},"end":{"line":129,"column":1}}},"4":{"name":"generateDay","decl":{"start":{"line":133,"column":22},"end":{"line":133,"column":33}},"loc":{"start":{"line":146,"column":3},"end":{"line":187,"column":1}}},"5":{"name":"listDays","decl":{"start":{"line":190,"column":16},"end":{"line":190,"column":24}},"loc":{"start":{"line":192,"column":61},"end":{"line":235,"column":1}}},"6":{"name":"(anonymous_6)","decl":{"start":{"line":206,"column":14},"end":{"line":206,"column":15}},"loc":{"start":{"line":206,"column":21},"end":{"line":206,"column":43}}},"7":{"name":"(anonymous_7)","decl":{"start":{"line":207,"column":12},"end":{"line":207,"column":13}},"loc":{"start":{"line":207,"column":21},"end":{"line":211,"column":7}}},"8":{"name":"(anonymous_8)","decl":{"start":{"line":213,"column":27},"end":{"line":213,"column":28}},"loc":{"start":{"line":213,"column":33},"end":{"line":224,"column":5}}},"9":{"name":"getDay","decl":{"start":{"line":238,"column":16},"end":{"line":238,"column":22}},"loc":{"start":{"line":240,"column":46},"end":{"line":263,"column":1}}},"10":{"name":"updateDay","decl":{"start":{"line":266,"column":16},"end":{"line":266,"column":25}},"loc":{"start":{"line":268,"column":63},"end":{"line":290,"column":1}}},"11":{"name":"deleteDay","decl":{"start":{"line":293,"column":16},"end":{"line":293,"column":25}},"loc":{"start":{"line":295,"column":46},"end":{"line":316,"column":1}}}},"branchMap":{"0":{"loc":{"start":{"line":64,"column":4},"end":{"line":69,"column":5}},"type":"if","locations":[{"start":{"line":64,"column":4},"end":{"line":69,"column":5}}]},"1":{"loc":{"start":{"line":71,"column":22},"end":{"line":71,"column":65}},"type":"binary-expr","locations":[{"start":{"line":71,"column":22},"end":{"line":71,"column":50}},{"start":{"line":71,"column":54},"end":{"line":71,"column":65}}]},"2":{"loc":{"start":{"line":72,"column":21},"end":{"line":72,"column":76}},"type":"binary-expr","locations":[{"start":{"line":72,"column":21},"end":{"line":72,"column":46}},{"start":{"line":72,"column":50},"end":{"line":72,"column":76}}]},"3":{"loc":{"start":{"line":73,"column":25},"end":{"line":73,"column":63}},"type":"binary-expr","locations":[{"start":{"line":73,"column":25},"end":{"line":73,"column":56}},{"start":{"line":73,"column":60},"end":{"line":73,"column":63}}]},"4":{"loc":{"start":{"line":74,"column":23},"end":{"line":74,"column":60}},"type":"binary-expr","locations":[{"start":{"line":74,"column":23},"end":{"line":74,"column":52}},{"start":{"line":74,"column":56},"end":{"line":74,"column":60}}]},"5":{"loc":{"start":{"line":123,"column":17},"end":{"line":123,"column":37}},"type":"binary-expr","locations":[{"start":{"line":123,"column":17},"end":{"line":123,"column":31}},{"start":{"line":123,"column":35},"end":{"line":123,"column":37}}]},"6":{"loc":{"start":{"line":127,"column":45},"end":{"line":127,"column":60}},"type":"binary-expr","locations":[{"start":{"line":127,"column":45},"end":{"line":127,"column":55}},{"start":{"line":127,"column":59},"end":{"line":127,"column":60}}]},"7":{"loc":{"start":{"line":155,"column":4},"end":{"line":181,"column":5}},"type":"if","locations":[{"start":{"line":155,"column":4},"end":{"line":181,"column":5}}]},"8":{"loc":{"start":{"line":176,"column":19},"end":{"line":176,"column":39}},"type":"binary-expr","locations":[{"start":{"line":176,"column":19},"end":{"line":176,"column":33}},{"start":{"line":176,"column":37},"end":{"line":176,"column":39}}]},"9":{"loc":{"start":{"line":185,"column":45},"end":{"line":185,"column":60}},"type":"binary-expr","locations":[{"start":{"line":185,"column":45},"end":{"line":185,"column":55}},{"start":{"line":185,"column":59},"end":{"line":185,"column":60}}]},"10":{"loc":{"start":{"line":196,"column":17},"end":{"line":196,"column":33}},"type":"binary-expr","locations":[{"start":{"line":196,"column":17},"end":{"line":196,"column":28}},{"start":{"line":196,"column":32},"end":{"line":196,"column":33}}]},"11":{"loc":{"start":{"line":197,"column":21},"end":{"line":197,"column":43}},"type":"binary-expr","locations":[{"start":{"line":197,"column":21},"end":{"line":197,"column":37}},{"start":{"line":197,"column":41},"end":{"line":197,"column":43}}]},"12":{"loc":{"start":{"line":199,"column":4},"end":{"line":201,"column":5}},"type":"if","locations":[{"start":{"line":199,"column":4},"end":{"line":201,"column":5}}]},"13":{"loc":{"start":{"line":233,"column":45},"end":{"line":233,"column":60}},"type":"binary-expr","locations":[{"start":{"line":233,"column":45},"end":{"line":233,"column":55}},{"start":{"line":233,"column":59},"end":{"line":233,"column":60}}]},"14":{"loc":{"start":{"line":245,"column":4},"end":{"line":247,"column":5}},"type":"if","locations":[{"start":{"line":245,"column":4},"end":{"line":247,"column":5}}]},"15":{"loc":{"start":{"line":261,"column":45},"end":{"line":261,"column":60}},"type":"binary-expr","locations":[{"start":{"line":261,"column":45},"end":{"line":261,"column":55}},{"start":{"line":261,"column":59},"end":{"line":261,"column":60}}]},"16":{"loc":{"start":{"line":273,"column":4},"end":{"line":275,"column":5}},"type":"if","locations":[{"start":{"line":273,"column":4},"end":{"line":275,"column":5}}]},"17":{"loc":{"start":{"line":288,"column":45},"end":{"line":288,"column":60}},"type":"binary-expr","locations":[{"start":{"line":288,"column":45},"end":{"line":288,"column":55}},{"start":{"line":288,"column":59},"end":{"line":288,"column":60}}]},"18":{"loc":{"start":{"line":300,"column":4},"end":{"line":302,"column":5}},"type":"if","locations":[{"start":{"line":300,"column":4},"end":{"line":302,"column":5}}]},"19":{"loc":{"start":{"line":314,"column":45},"end":{"line":314,"column":60}},"type":"binary-expr","locations":[{"start":{"line":314,"column":45},"end":{"line":314,"column":55}},{"start":{"line":314,"column":59},"end":{"line":314,"column":60}}]}},"s":{"0":1,"1":1,"2":1,"3":1,"4":1,"5":1,"6":1,"7":1,"8":1,"9":1,"10":1,"11":1,"12":26,"13":18,"14":6,"15":3,"16":3,"17":3,"18":3,"19":3,"20":0,"21":0,"22":0,"23":0,"24":0,"25":0,"26":0,"27":0,"28":0,"29":0,"30":0,"31":0,"32":0,"33":0,"34":4,"35":4,"36":4,"37":4,"38":2,"39":2,"40":2,"41":2,"42":2,"43":0,"44":8,"45":8,"46":8,"47":8,"48":8,"49":1,"50":7,"51":16,"52":10,"53":10,"54":10,"55":7,"56":16,"57":16,"58":16,"59":16,"60":7,"61":7,"62":7,"63":7,"64":0,"65":7,"66":7,"67":7,"68":4,"69":3,"70":3,"71":0,"72":3,"73":3,"74":3,"75":1,"76":2,"77":2,"78":0,"79":4,"80":4,"81":4,"82":1,"83":3,"84":3,"85":0},"f":{"0":26,"1":18,"2":6,"3":3,"4":4,"5":8,"6":16,"7":10,"8":16,"9":7,"10":3,"11":4},"b":{"0":[3],"1":[0,0],"2":[0,0],"3":[0,0],"4":[0,0],"5":[0,0],"6":[0,0],"7":[2],"8":[2,1],"9":[0,0],"10":[8,6],"11":[8,6],"12":[1],"13":[0,0],"14":[4],"15":[0,0],"16":[1],"17":[0,0],"18":[1],"19":[0,0]}}
,"D:\\CLAUDECODE\\yourcrush\\src\\shared\\fragment\\crud.ts": {"path":"D:\\CLAUDECODE\\yourcrush\\src\\shared\\fragment\\crud.ts","statementMap":{"0":{"start":{"line":27,"column":0},"end":{"line":27,"column":16}},"1":{"start":{"line":101,"column":0},"end":{"line":101,"column":16}},"2":{"start":{"line":182,"column":0},"end":{"line":182,"column":16}},"3":{"start":{"line":234,"column":0},"end":{"line":234,"column":16}},"4":{"start":{"line":242,"column":0},"end":{"line":242,"column":16}},"5":{"start":{"line":7,"column":0},"end":{"line":7,"column":null}},"6":{"start":{"line":12,"column":0},"end":{"line":12,"column":93}},"7":{"start":{"line":13,"column":0},"end":{"line":13,"column":null}},"8":{"start":{"line":34,"column":18},"end":{"line":34,"column":49}},"9":{"start":{"line":36,"column":14},"end":{"line":36,"column":77}},"10":{"start":{"line":38,"column":17},"end":{"line":38,"column":59}},"11":{"start":{"line":39,"column":2},"end":{"line":41,"column":3}},"12":{"start":{"line":40,"column":4},"end":{"line":40,"column":null}},"13":{"start":{"line":43,"column":2},"end":{"line":48,"column":3}},"14":{"start":{"line":44,"column":4},"end":{"line":47,"column":null}},"15":{"start":{"line":50,"column":22},"end":{"line":50,"column":59}},"16":{"start":{"line":51,"column":18},"end":{"line":51,"column":47}},"17":{"start":{"line":52,"column":29},"end":{"line":52,"column":66}},"18":{"start":{"line":53,"column":2},"end":{"line":55,"column":3}},"19":{"start":{"line":54,"column":4},"end":{"line":54,"column":null}},"20":{"start":{"line":57,"column":15},"end":{"line":57,"column":46}},"21":{"start":{"line":58,"column":15},"end":{"line":58,"column":43}},"22":{"start":{"line":59,"column":21},"end":{"line":59,"column":51}},"23":{"start":{"line":61,"column":14},"end":{"line":61,"column":34}},"24":{"start":{"line":62,"column":29},"end":{"line":77,"column":null}},"25":{"start":{"line":79,"column":2},"end":{"line":79,"column":null}},"26":{"start":{"line":80,"column":2},"end":{"line":80,"column":null}},"27":{"start":{"line":81,"column":2},"end":{"line":81,"column":null}},"28":{"start":{"line":83,"column":29},"end":{"line":83,"column":62}},"29":{"start":{"line":84,"column":2},"end":{"line":88,"column":3}},"30":{"start":{"line":85,"column":4},"end":{"line":85,"column":null}},"31":{"start":{"line":86,"column":4},"end":{"line":86,"column":null}},"32":{"start":{"line":87,"column":4},"end":{"line":87,"column":null}},"33":{"start":{"line":90,"column":2},"end":{"line":90,"column":null}},"34":{"start":{"line":97,"column":25},"end":{"line":99,"column":2}},"35":{"start":{"line":110,"column":4},"end":{"line":112,"column":45}},"36":{"start":{"line":114,"column":19},"end":{"line":114,"column":33}},"37":{"start":{"line":115,"column":14},"end":{"line":115,"column":23}},"38":{"start":{"line":117,"column":2},"end":{"line":119,"column":3}},"39":{"start":{"line":118,"column":4},"end":{"line":118,"column":null}},"40":{"start":{"line":121,"column":20},"end":{"line":121,"column":68}},"41":{"start":{"line":122,"column":2},"end":{"line":127,"column":3}},"42":{"start":{"line":123,"column":4},"end":{"line":125,"column":5}},"43":{"start":{"line":124,"column":6},"end":{"line":124,"column":null}},"44":{"start":{"line":126,"column":4},"end":{"line":126,"column":null}},"45":{"start":{"line":129,"column":2},"end":{"line":131,"column":3}},"46":{"start":{"line":130,"column":4},"end":{"line":130,"column":null}},"47":{"start":{"line":133,"column":24},"end":{"line":133,"column":84}},"48":{"start":{"line":133,"column":59},"end":{"line":133,"column":83}},"49":{"start":{"line":134,"column":2},"end":{"line":136,"column":3}},"50":{"start":{"line":135,"column":4},"end":{"line":135,"column":null}},"51":{"start":{"line":138,"column":2},"end":{"line":144,"column":3}},"52":{"start":{"line":139,"column":15},"end":{"line":139,"column":63}},"53":{"start":{"line":140,"column":31},"end":{"line":140,"column":70}},"54":{"start":{"line":141,"column":4},"end":{"line":143,"column":5}},"55":{"start":{"line":142,"column":6},"end":{"line":142,"column":null}},"56":{"start":{"line":147,"column":41},"end":{"line":147,"column":43}},"57":{"start":{"line":148,"column":2},"end":{"line":152,"column":3}},"58":{"start":{"line":149,"column":4},"end":{"line":151,"column":5}},"59":{"start":{"line":150,"column":6},"end":{"line":150,"column":null}},"60":{"start":{"line":155,"column":2},"end":{"line":159,"column":3}},"61":{"start":{"line":156,"column":4},"end":{"line":158,"column":5}},"62":{"start":{"line":157,"column":8},"end":{"line":157,"column":null}},"63":{"start":{"line":160,"column":2},"end":{"line":160,"column":null}},"64":{"start":{"line":162,"column":2},"end":{"line":162,"column":null}},"65":{"start":{"line":163,"column":2},"end":{"line":163,"column":null}},"66":{"start":{"line":165,"column":29},"end":{"line":165,"column":62}},"67":{"start":{"line":166,"column":2},"end":{"line":173,"column":3}},"68":{"start":{"line":168,"column":4},"end":{"line":170,"column":5}},"69":{"start":{"line":169,"column":8},"end":{"line":169,"column":null}},"70":{"start":{"line":171,"column":4},"end":{"line":171,"column":null}},"71":{"start":{"line":172,"column":4},"end":{"line":172,"column":null}},"72":{"start":{"line":175,"column":2},"end":{"line":175,"column":null}},"73":{"start":{"line":190,"column":4},"end":{"line":192,"column":45}},"74":{"start":{"line":194,"column":19},"end":{"line":194,"column":33}},"75":{"start":{"line":195,"column":14},"end":{"line":195,"column":23}},"76":{"start":{"line":197,"column":2},"end":{"line":199,"column":3}},"77":{"start":{"line":198,"column":4},"end":{"line":198,"column":null}},"78":{"start":{"line":201,"column":17},"end":{"line":201,"column":51}},"79":{"start":{"line":202,"column":2},"end":{"line":204,"column":3}},"80":{"start":{"line":203,"column":4},"end":{"line":203,"column":null}},"81":{"start":{"line":206,"column":2},"end":{"line":208,"column":3}},"82":{"start":{"line":207,"column":4},"end":{"line":207,"column":null}},"83":{"start":{"line":210,"column":14},"end":{"line":210,"column":65}},"84":{"start":{"line":210,"column":45},"end":{"line":210,"column":64}},"85":{"start":{"line":211,"column":2},"end":{"line":213,"column":3}},"86":{"start":{"line":212,"column":4},"end":{"line":212,"column":null}},"87":{"start":{"line":215,"column":18},"end":{"line":215,"column":49}},"88":{"start":{"line":216,"column":2},"end":{"line":216,"column":null}},"89":{"start":{"line":217,"column":2},"end":{"line":217,"column":null}},"90":{"start":{"line":219,"column":29},"end":{"line":219,"column":62}},"91":{"start":{"line":220,"column":2},"end":{"line":225,"column":3}},"92":{"start":{"line":222,"column":4},"end":{"line":222,"column":null}},"93":{"start":{"line":223,"column":4},"end":{"line":223,"column":null}},"94":{"start":{"line":224,"column":4},"end":{"line":224,"column":null}},"95":{"start":{"line":227,"column":2},"end":{"line":227,"column":null}},"96":{"start":{"line":238,"column":23},"end":{"line":238,"column":60}},"97":{"start":{"line":239,"column":2},"end":{"line":239,"column":null}},"98":{"start":{"line":248,"column":14},"end":{"line":248,"column":74}},"99":{"start":{"line":249,"column":2},"end":{"line":249,"column":null}}},"fnMap":{"0":{"name":"recordFragment","decl":{"start":{"line":27,"column":16},"end":{"line":27,"column":30}},"loc":{"start":{"line":32,"column":34},"end":{"line":91,"column":1}}},"1":{"name":"updateFragment","decl":{"start":{"line":101,"column":16},"end":{"line":101,"column":30}},"loc":{"start":{"line":107,"column":34},"end":{"line":176,"column":1}}},"2":{"name":"(anonymous_2)","decl":{"start":{"line":133,"column":52},"end":{"line":133,"column":53}},"loc":{"start":{"line":133,"column":59},"end":{"line":133,"column":83}}},"3":{"name":"deleteFragment","decl":{"start":{"line":182,"column":16},"end":{"line":182,"column":30}},"loc":{"start":{"line":187,"column":34},"end":{"line":228,"column":1}}},"4":{"name":"(anonymous_4)","decl":{"start":{"line":210,"column":38},"end":{"line":210,"column":39}},"loc":{"start":{"line":210,"column":45},"end":{"line":210,"column":64}}},"5":{"name":"getFragment","decl":{"start":{"line":234,"column":16},"end":{"line":234,"column":27}},"loc":{"start":{"line":236,"column":20},"end":{"line":240,"column":1}}},"6":{"name":"getFragmentsByDate","decl":{"start":{"line":242,"column":16},"end":{"line":242,"column":34}},"loc":{"start":{"line":246,"column":34},"end":{"line":250,"column":1}}}},"branchMap":{"0":{"loc":{"start":{"line":34,"column":18},"end":{"line":34,"column":49}},"type":"binary-expr","locations":[{"start":{"line":34,"column":18},"end":{"line":34,"column":29}},{"start":{"line":34,"column":33},"end":{"line":34,"column":49}}]},"1":{"loc":{"start":{"line":36,"column":14},"end":{"line":36,"column":77}},"type":"binary-expr","locations":[{"start":{"line":36,"column":14},"end":{"line":36,"column":25}},{"start":{"line":36,"column":29},"end":{"line":36,"column":77}}]},"2":{"loc":{"start":{"line":39,"column":2},"end":{"line":41,"column":3}},"type":"if","locations":[{"start":{"line":39,"column":2},"end":{"line":41,"column":3}}]},"3":{"loc":{"start":{"line":43,"column":2},"end":{"line":48,"column":3}},"type":"if","locations":[{"start":{"line":43,"column":2},"end":{"line":48,"column":3}}]},"4":{"loc":{"start":{"line":50,"column":22},"end":{"line":50,"column":59}},"type":"binary-expr","locations":[{"start":{"line":50,"column":22},"end":{"line":50,"column":50}},{"start":{"line":50,"column":54},"end":{"line":50,"column":59}}]},"5":{"loc":{"start":{"line":51,"column":18},"end":{"line":51,"column":47}},"type":"binary-expr","locations":[{"start":{"line":51,"column":18},"end":{"line":51,"column":41}},{"start":{"line":51,"column":45},"end":{"line":51,"column":47}}]},"6":{"loc":{"start":{"line":53,"column":2},"end":{"line":55,"column":3}},"type":"if","locations":[{"start":{"line":53,"column":2},"end":{"line":55,"column":3}}]},"7":{"loc":{"start":{"line":57,"column":15},"end":{"line":57,"column":46}},"type":"binary-expr","locations":[{"start":{"line":57,"column":15},"end":{"line":57,"column":35}},{"start":{"line":57,"column":39},"end":{"line":57,"column":46}}]},"8":{"loc":{"start":{"line":58,"column":15},"end":{"line":58,"column":43}},"type":"binary-expr","locations":[{"start":{"line":58,"column":15},"end":{"line":58,"column":35}},{"start":{"line":58,"column":39},"end":{"line":58,"column":43}}]},"9":{"loc":{"start":{"line":65,"column":10},"end":{"line":65,"column":34}},"type":"binary-expr","locations":[{"start":{"line":65,"column":10},"end":{"line":65,"column":14}},{"start":{"line":65,"column":18},"end":{"line":65,"column":34}}]},"10":{"loc":{"start":{"line":66,"column":12},"end":{"line":66,"column":44}},"type":"binary-expr","locations":[{"start":{"line":66,"column":12},"end":{"line":66,"column":34}},{"start":{"line":66,"column":38},"end":{"line":66,"column":44}}]},"11":{"loc":{"start":{"line":67,"column":10},"end":{"line":67,"column":38}},"type":"binary-expr","locations":[{"start":{"line":67,"column":10},"end":{"line":67,"column":30}},{"start":{"line":67,"column":34},"end":{"line":67,"column":38}}]},"12":{"loc":{"start":{"line":69,"column":14},"end":{"line":69,"column":44}},"type":"binary-expr","locations":[{"start":{"line":69,"column":14},"end":{"line":69,"column":38}},{"start":{"line":69,"column":42},"end":{"line":69,"column":44}}]},"13":{"loc":{"start":{"line":70,"column":19},"end":{"line":70,"column":54}},"type":"binary-expr","locations":[{"start":{"line":70,"column":19},"end":{"line":70,"column":48}},{"start":{"line":70,"column":52},"end":{"line":70,"column":54}}]},"14":{"loc":{"start":{"line":71,"column":17},"end":{"line":71,"column":50}},"type":"binary-expr","locations":[{"start":{"line":71,"column":17},"end":{"line":71,"column":44}},{"start":{"line":71,"column":48},"end":{"line":71,"column":50}}]},"15":{"loc":{"start":{"line":73,"column":11},"end":{"line":73,"column":40}},"type":"binary-expr","locations":[{"start":{"line":73,"column":11},"end":{"line":73,"column":32}},{"start":{"line":73,"column":36},"end":{"line":73,"column":40}}]},"16":{"loc":{"start":{"line":84,"column":2},"end":{"line":88,"column":3}},"type":"if","locations":[{"start":{"line":84,"column":2},"end":{"line":88,"column":3}}]},"17":{"loc":{"start":{"line":110,"column":4},"end":{"line":112,"column":45}},"type":"cond-expr","locations":[{"start":{"line":111,"column":8},"end":{"line":111,"column":56}},{"start":{"line":112,"column":8},"end":{"line":112,"column":45}}]},"18":{"loc":{"start":{"line":110,"column":4},"end":{"line":110,"column":35}},"type":"binary-expr","locations":[{"start":{"line":110,"column":4},"end":{"line":110,"column":20}},{"start":{"line":110,"column":24},"end":{"line":110,"column":35}}]},"19":{"loc":{"start":{"line":117,"column":2},"end":{"line":119,"column":3}},"type":"if","locations":[{"start":{"line":117,"column":2},"end":{"line":119,"column":3}}]},"20":{"loc":{"start":{"line":117,"column":6},"end":{"line":117,"column":23}},"type":"binary-expr","locations":[{"start":{"line":117,"column":6},"end":{"line":117,"column":15}},{"start":{"line":117,"column":19},"end":{"line":117,"column":23}}]},"21":{"loc":{"start":{"line":122,"column":2},"end":{"line":127,"column":3}},"type":"if","locations":[{"start":{"line":122,"column":2},"end":{"line":127,"column":3}}]},"22":{"loc":{"start":{"line":123,"column":4},"end":{"line":125,"column":5}},"type":"if","locations":[{"start":{"line":123,"column":4},"end":{"line":125,"column":5}}]},"23":{"loc":{"start":{"line":129,"column":2},"end":{"line":131,"column":3}},"type":"if","locations":[{"start":{"line":129,"column":2},"end":{"line":131,"column":3}}]},"24":{"loc":{"start":{"line":129,"column":6},"end":{"line":129,"column":70}},"type":"binary-expr","locations":[{"start":{"line":129,"column":6},"end":{"line":129,"column":35}},{"start":{"line":129,"column":39},"end":{"line":129,"column":70}}]},"25":{"loc":{"start":{"line":134,"column":2},"end":{"line":136,"column":3}},"type":"if","locations":[{"start":{"line":134,"column":2},"end":{"line":136,"column":3}}]},"26":{"loc":{"start":{"line":138,"column":2},"end":{"line":144,"column":3}},"type":"if","locations":[{"start":{"line":138,"column":2},"end":{"line":144,"column":3}}]},"27":{"loc":{"start":{"line":139,"column":15},"end":{"line":139,"column":63}},"type":"binary-expr","locations":[{"start":{"line":139,"column":15},"end":{"line":139,"column":38}},{"start":{"line":139,"column":42},"end":{"line":139,"column":63}}]},"28":{"loc":{"start":{"line":141,"column":4},"end":{"line":143,"column":5}},"type":"if","locations":[{"start":{"line":141,"column":4},"end":{"line":143,"column":5}}]},"29":{"loc":{"start":{"line":149,"column":4},"end":{"line":151,"column":5}},"type":"if","locations":[{"start":{"line":149,"column":4},"end":{"line":151,"column":5}}]},"30":{"loc":{"start":{"line":156,"column":4},"end":{"line":158,"column":5}},"type":"if","locations":[{"start":{"line":156,"column":4},"end":{"line":158,"column":5}}]},"31":{"loc":{"start":{"line":166,"column":2},"end":{"line":173,"column":3}},"type":"if","locations":[{"start":{"line":166,"column":2},"end":{"line":173,"column":3}}]},"32":{"loc":{"start":{"line":190,"column":4},"end":{"line":192,"column":45}},"type":"cond-expr","locations":[{"start":{"line":191,"column":8},"end":{"line":191,"column":56}},{"start":{"line":192,"column":8},"end":{"line":192,"column":45}}]},"33":{"loc":{"start":{"line":190,"column":4},"end":{"line":190,"column":35}},"type":"binary-expr","locations":[{"start":{"line":190,"column":4},"end":{"line":190,"column":20}},{"start":{"line":190,"column":24},"end":{"line":190,"column":35}}]},"34":{"loc":{"start":{"line":197,"column":2},"end":{"line":199,"column":3}},"type":"if","locations":[{"start":{"line":197,"column":2},"end":{"line":199,"column":3}}]},"35":{"loc":{"start":{"line":197,"column":6},"end":{"line":197,"column":23}},"type":"binary-expr","locations":[{"start":{"line":197,"column":6},"end":{"line":197,"column":15}},{"start":{"line":197,"column":19},"end":{"line":197,"column":23}}]},"36":{"loc":{"start":{"line":202,"column":2},"end":{"line":204,"column":3}},"type":"if","locations":[{"start":{"line":202,"column":2},"end":{"line":204,"column":3}}]},"37":{"loc":{"start":{"line":206,"column":2},"end":{"line":208,"column":3}},"type":"if","locations":[{"start":{"line":206,"column":2},"end":{"line":208,"column":3}}]},"38":{"loc":{"start":{"line":206,"column":6},"end":{"line":206,"column":70}},"type":"binary-expr","locations":[{"start":{"line":206,"column":6},"end":{"line":206,"column":35}},{"start":{"line":206,"column":39},"end":{"line":206,"column":70}}]},"39":{"loc":{"start":{"line":211,"column":2},"end":{"line":213,"column":3}},"type":"if","locations":[{"start":{"line":211,"column":2},"end":{"line":213,"column":3}}]},"40":{"loc":{"start":{"line":220,"column":2},"end":{"line":225,"column":3}},"type":"if","locations":[{"start":{"line":220,"column":2},"end":{"line":225,"column":3}}]},"41":{"loc":{"start":{"line":248,"column":14},"end":{"line":248,"column":74}},"type":"binary-expr","locations":[{"start":{"line":248,"column":14},"end":{"line":248,"column":25}},{"start":{"line":248,"column":29},"end":{"line":248,"column":74}}]}},"s":{"0":2,"1":2,"2":2,"3":2,"4":2,"5":2,"6":2,"7":2,"8":26,"9":26,"10":26,"11":26,"12":0,"13":26,"14":1,"15":25,"16":25,"17":25,"18":25,"19":2,"20":23,"21":23,"22":23,"23":23,"24":23,"25":23,"26":23,"27":23,"28":23,"29":23,"30":0,"31":0,"32":0,"33":23,"34":2,"35":3,"36":3,"37":3,"38":3,"39":0,"40":3,"41":3,"42":0,"43":0,"44":0,"45":3,"46":1,"47":2,"48":2,"49":2,"50":1,"51":1,"52":1,"53":1,"54":1,"55":0,"56":1,"57":1,"58":1,"59":1,"60":1,"61":1,"62":1,"63":1,"64":1,"65":1,"66":1,"67":1,"68":0,"69":0,"70":0,"71":0,"72":1,"73":3,"74":3,"75":3,"76":3,"77":1,"78":2,"79":2,"80":0,"81":2,"82":1,"83":1,"84":1,"85":1,"86":0,"87":1,"88":1,"89":1,"90":1,"91":1,"92":0,"93":0,"94":0,"95":1,"96":3,"97":3,"98":1,"99":1},"f":{"0":26,"1":3,"2":2,"3":3,"4":1,"5":3,"6":1},"b":{"0":[26,26],"1":[26,26],"2":[0],"3":[1],"4":[25,0],"5":[25,0],"6":[2],"7":[23,23],"8":[23,23],"9":[23,23],"10":[23,0],"11":[23,22],"12":[23,23],"13":[23,23],"14":[23,23],"15":[23,23],"16":[0],"17":[0,3],"18":[3,0],"19":[0],"20":[3,3],"21":[0],"22":[0],"23":[1],"24":[3,3],"25":[1],"26":[1],"27":[1,1],"28":[0],"29":[1],"30":[1],"31":[0],"32":[0,3],"33":[3,0],"34":[1],"35":[3,2],"36":[0],"37":[1],"38":[2,2],"39":[0],"40":[0],"41":[1,1]}}
,"D:\\CLAUDECODE\\yourcrush\\src\\shared\\fragment\\locker.ts": {"path":"D:\\CLAUDECODE\\yourcrush\\src\\shared\\fragment\\locker.ts","statementMap":{"0":{"start":{"line":13,"column":0},"end":{"line":13,"column":16}},"1":{"start":{"line":22,"column":0},"end":{"line":22,"column":16}},"2":{"start":{"line":55,"column":0},"end":{"line":55,"column":16}},"3":{"start":{"line":65,"column":0},"end":{"line":65,"column":16}},"4":{"start":{"line":7,"column":0},"end":{"line":7,"column":60}},"5":{"start":{"line":8,"column":0},"end":{"line":8,"column":80}},"6":{"start":{"line":9,"column":0},"end":{"line":9,"column":60}},"7":{"start":{"line":18,"column":2},"end":{"line":18,"column":null}},"8":{"start":{"line":31,"column":14},"end":{"line":31,"column":74}},"9":{"start":{"line":33,"column":2},"end":{"line":35,"column":3}},"10":{"start":{"line":34,"column":4},"end":{"line":34,"column":null}},"11":{"start":{"line":37,"column":2},"end":{"line":39,"column":3}},"12":{"start":{"line":37,"column":33},"end":{"line":37,"column":73}},"13":{"start":{"line":38,"column":4},"end":{"line":38,"column":null}},"14":{"start":{"line":41,"column":18},"end":{"line":41,"column":78}},"15":{"start":{"line":42,"column":2},"end":{"line":44,"column":3}},"16":{"start":{"line":43,"column":4},"end":{"line":43,"column":null}},"17":{"start":{"line":46,"column":29},"end":{"line":46,"column":66}},"18":{"start":{"line":47,"column":2},"end":{"line":49,"column":3}},"19":{"start":{"line":48,"column":4},"end":{"line":48,"column":null}},"20":{"start":{"line":51,"column":2},"end":{"line":51,"column":null}},"21":{"start":{"line":60,"column":14},"end":{"line":60,"column":59}},"22":{"start":{"line":61,"column":2},"end":{"line":61,"column":null}},"23":{"start":{"line":70,"column":14},"end":{"line":70,"column":59}},"24":{"start":{"line":71,"column":2},"end":{"line":71,"column":null}}},"fnMap":{"0":{"name":"getFragmentDay","decl":{"start":{"line":13,"column":16},"end":{"line":13,"column":30}},"loc":{"start":{"line":16,"column":14},"end":{"line":19,"column":1}}},"1":{"name":"completeDay","decl":{"start":{"line":22,"column":16},"end":{"line":22,"column":27}},"loc":{"start":{"line":29,"column":34},"end":{"line":52,"column":1}}},"2":{"name":"(anonymous_2)","decl":{"start":{"line":37,"column":26},"end":{"line":37,"column":27}},"loc":{"start":{"line":37,"column":33},"end":{"line":37,"column":73}}},"3":{"name":"getDayStatus","decl":{"start":{"line":55,"column":16},"end":{"line":55,"column":28}},"loc":{"start":{"line":58,"column":14},"end":{"line":62,"column":1}}},"4":{"name":"getDayEditState","decl":{"start":{"line":65,"column":16},"end":{"line":65,"column":31}},"loc":{"start":{"line":68,"column":14},"end":{"line":72,"column":1}}}},"branchMap":{"0":{"loc":{"start":{"line":31,"column":14},"end":{"line":31,"column":74}},"type":"binary-expr","locations":[{"start":{"line":31,"column":14},"end":{"line":31,"column":25}},{"start":{"line":31,"column":29},"end":{"line":31,"column":74}}]},"1":{"loc":{"start":{"line":33,"column":2},"end":{"line":35,"column":3}},"type":"if","locations":[{"start":{"line":33,"column":2},"end":{"line":35,"column":3}}]},"2":{"loc":{"start":{"line":37,"column":2},"end":{"line":39,"column":3}},"type":"if","locations":[{"start":{"line":37,"column":2},"end":{"line":39,"column":3}}]},"3":{"loc":{"start":{"line":37,"column":33},"end":{"line":37,"column":73}},"type":"binary-expr","locations":[{"start":{"line":37,"column":33},"end":{"line":37,"column":42}},{"start":{"line":37,"column":46},"end":{"line":37,"column":73}}]},"4":{"loc":{"start":{"line":42,"column":2},"end":{"line":44,"column":3}},"type":"if","locations":[{"start":{"line":42,"column":2},"end":{"line":44,"column":3}}]},"5":{"loc":{"start":{"line":42,"column":6},"end":{"line":42,"column":63}},"type":"binary-expr","locations":[{"start":{"line":42,"column":6},"end":{"line":42,"column":35}},{"start":{"line":42,"column":39},"end":{"line":42,"column":63}}]},"6":{"loc":{"start":{"line":47,"column":2},"end":{"line":49,"column":3}},"type":"if","locations":[{"start":{"line":47,"column":2},"end":{"line":49,"column":3}}]}},"s":{"0":1,"1":1,"2":1,"3":1,"4":1,"5":1,"6":1,"7":3,"8":3,"9":3,"10":1,"11":2,"12":1,"13":1,"14":1,"15":1,"16":0,"17":1,"18":1,"19":0,"20":1,"21":1,"22":1,"23":1,"24":1},"f":{"0":3,"1":3,"2":1,"3":1,"4":1},"b":{"0":[3,1],"1":[1],"2":[1],"3":[1,1],"4":[0],"5":[1,0],"6":[0]}}
,"D:\\CLAUDECODE\\yourcrush\\src\\shared\\fragment\\models.ts": {"path":"D:\\CLAUDECODE\\yourcrush\\src\\shared\\fragment\\models.ts","statementMap":{"0":{"start":{"line":75,"column":0},"end":{"line":75,"column":16}},"1":{"start":{"line":94,"column":0},"end":{"line":94,"column":16}},"2":{"start":{"line":117,"column":0},"end":{"line":117,"column":16}},"3":{"start":{"line":132,"column":0},"end":{"line":132,"column":16}},"4":{"start":{"line":151,"column":0},"end":{"line":151,"column":16}},"5":{"start":{"line":155,"column":0},"end":{"line":155,"column":16}},"6":{"start":{"line":159,"column":0},"end":{"line":159,"column":16}},"7":{"start":{"line":76,"column":2},"end":{"line":91,"column":null}},"8":{"start":{"line":95,"column":2},"end":{"line":110,"column":null}},"9":{"start":{"line":118,"column":2},"end":{"line":129,"column":null}},"10":{"start":{"line":133,"column":2},"end":{"line":144,"column":null}},"11":{"start":{"line":136,"column":57},"end":{"line":136,"column":76}},"12":{"start":{"line":152,"column":2},"end":{"line":152,"column":null}},"13":{"start":{"line":156,"column":2},"end":{"line":156,"column":null}},"14":{"start":{"line":156,"column":37},"end":{"line":156,"column":77}},"15":{"start":{"line":160,"column":2},"end":{"line":160,"column":null}},"16":{"start":{"line":167,"column":13},"end":{"line":171,"column":null}},"17":{"start":{"line":173,"column":13},"end":{"line":178,"column":null}},"18":{"start":{"line":180,"column":13},"end":{"line":185,"column":null}},"19":{"start":{"line":187,"column":13},"end":{"line":192,"column":null}},"20":{"start":{"line":194,"column":13},"end":{"line":199,"column":null}},"21":{"start":{"line":201,"column":13},"end":{"line":205,"column":null}},"22":{"start":{"line":207,"column":13},"end":{"line":211,"column":null}},"23":{"start":{"line":213,"column":13},"end":{"line":217,"column":null}},"24":{"start":{"line":219,"column":13},"end":{"line":228,"column":null}},"25":{"start":{"line":230,"column":13},"end":{"line":239,"column":null}}},"fnMap":{"0":{"name":"fragmentToDict","decl":{"start":{"line":75,"column":16},"end":{"line":75,"column":30}},"loc":{"start":{"line":75,"column":42},"end":{"line":92,"column":1}}},"1":{"name":"fragmentFromDict","decl":{"start":{"line":94,"column":16},"end":{"line":94,"column":32}},"loc":{"start":{"line":94,"column":58},"end":{"line":111,"column":1}}},"2":{"name":"fragmentDayToDict","decl":{"start":{"line":117,"column":16},"end":{"line":117,"column":33}},"loc":{"start":{"line":117,"column":50},"end":{"line":130,"column":1}}},"3":{"name":"fragmentDayFromDict","decl":{"start":{"line":132,"column":16},"end":{"line":132,"column":35}},"loc":{"start":{"line":132,"column":61},"end":{"line":145,"column":1}}},"4":{"name":"(anonymous_4)","decl":{"start":{"line":136,"column":45},"end":{"line":136,"column":46}},"loc":{"start":{"line":136,"column":57},"end":{"line":136,"column":76}}},"5":{"name":"getFragmentCount","decl":{"start":{"line":151,"column":16},"end":{"line":151,"column":32}},"loc":{"start":{"line":151,"column":49},"end":{"line":153,"column":1}}},"6":{"name":"getNonEmptyFragments","decl":{"start":{"line":155,"column":16},"end":{"line":155,"column":36}},"loc":{"start":{"line":155,"column":53},"end":{"line":157,"column":1}}},"7":{"name":"(anonymous_7)","decl":{"start":{"line":156,"column":30},"end":{"line":156,"column":31}},"loc":{"start":{"line":156,"column":37},"end":{"line":156,"column":77}}},"8":{"name":"hasContent","decl":{"start":{"line":159,"column":16},"end":{"line":159,"column":26}},"loc":{"start":{"line":159,"column":43},"end":{"line":161,"column":1}}}},"branchMap":{"0":{"loc":{"start":{"line":98,"column":10},"end":{"line":98,"column":30}},"type":"binary-expr","locations":[{"start":{"line":98,"column":10},"end":{"line":98,"column":22}},{"start":{"line":98,"column":26},"end":{"line":98,"column":30}}]},"1":{"loc":{"start":{"line":100,"column":10},"end":{"line":100,"column":30}},"type":"binary-expr","locations":[{"start":{"line":100,"column":10},"end":{"line":100,"column":22}},{"start":{"line":100,"column":26},"end":{"line":100,"column":30}}]},"2":{"loc":{"start":{"line":101,"column":13},"end":{"line":101,"column":34}},"type":"binary-expr","locations":[{"start":{"line":101,"column":13},"end":{"line":101,"column":28}},{"start":{"line":101,"column":32},"end":{"line":101,"column":34}}]},"3":{"loc":{"start":{"line":102,"column":14},"end":{"line":102,"column":36}},"type":"binary-expr","locations":[{"start":{"line":102,"column":14},"end":{"line":102,"column":30}},{"start":{"line":102,"column":34},"end":{"line":102,"column":36}}]},"4":{"loc":{"start":{"line":103,"column":19},"end":{"line":103,"column":46}},"type":"binary-expr","locations":[{"start":{"line":103,"column":19},"end":{"line":103,"column":40}},{"start":{"line":103,"column":44},"end":{"line":103,"column":46}}]},"5":{"loc":{"start":{"line":104,"column":17},"end":{"line":104,"column":42}},"type":"binary-expr","locations":[{"start":{"line":104,"column":17},"end":{"line":104,"column":36}},{"start":{"line":104,"column":40},"end":{"line":104,"column":42}}]},"6":{"loc":{"start":{"line":106,"column":11},"end":{"line":106,"column":32}},"type":"binary-expr","locations":[{"start":{"line":106,"column":11},"end":{"line":106,"column":24}},{"start":{"line":106,"column":28},"end":{"line":106,"column":32}}]},"7":{"loc":{"start":{"line":136,"column":16},"end":{"line":136,"column":39}},"type":"binary-expr","locations":[{"start":{"line":136,"column":16},"end":{"line":136,"column":33}},{"start":{"line":136,"column":37},"end":{"line":136,"column":39}}]},"8":{"loc":{"start":{"line":137,"column":15},"end":{"line":137,"column":41}},"type":"binary-expr","locations":[{"start":{"line":137,"column":15},"end":{"line":137,"column":32}},{"start":{"line":137,"column":36},"end":{"line":137,"column":41}}]},"9":{"loc":{"start":{"line":138,"column":15},"end":{"line":138,"column":40}},"type":"binary-expr","locations":[{"start":{"line":138,"column":15},"end":{"line":138,"column":32}},{"start":{"line":138,"column":36},"end":{"line":138,"column":40}}]},"10":{"loc":{"start":{"line":139,"column":21},"end":{"line":139,"column":52}},"type":"binary-expr","locations":[{"start":{"line":139,"column":21},"end":{"line":139,"column":44}},{"start":{"line":139,"column":48},"end":{"line":139,"column":52}}]},"11":{"loc":{"start":{"line":140,"column":13},"end":{"line":140,"column":33}},"type":"binary-expr","locations":[{"start":{"line":140,"column":13},"end":{"line":140,"column":28}},{"start":{"line":140,"column":32},"end":{"line":140,"column":33}}]},"12":{"loc":{"start":{"line":141,"column":22},"end":{"line":141,"column":54}},"type":"binary-expr","locations":[{"start":{"line":141,"column":22},"end":{"line":141,"column":46}},{"start":{"line":141,"column":50},"end":{"line":141,"column":54}}]},"13":{"loc":{"start":{"line":156,"column":37},"end":{"line":156,"column":77}},"type":"binary-expr","locations":[{"start":{"line":156,"column":37},"end":{"line":156,"column":46}},{"start":{"line":156,"column":50},"end":{"line":156,"column":77}}]}},"s":{"0":7,"1":7,"2":7,"3":7,"4":7,"5":7,"6":7,"7":76,"8":75,"9":30,"10":29,"11":73,"12":1,"13":3,"14":5,"15":2,"16":7,"17":7,"18":7,"19":7,"20":7,"21":7,"22":7,"23":7,"24":7,"25":7},"f":{"0":76,"1":75,"2":30,"3":29,"4":73,"5":1,"6":3,"7":5,"8":2},"b":{"0":[75,1],"1":[75,71],"2":[75,1],"3":[75,1],"4":[75,1],"5":[75,1],"6":[75,75],"7":[29,0],"8":[29,1],"9":[29,28],"10":[29,29],"11":[29,1],"12":[29,29],"13":[5,3]}}
[...]
3},"end":{"line":23,"column":null}},"24":{"start":{"line":24,"column":13},"end":{"line":24,"column":null}},"25":{"start":{"line":26,"column":13},"end":{"line":26,"column":null}},"26":{"start":{"line":28,"column":13},"end":{"line":28,"column":null}},"27":{"start":{"line":29,"column":13},"end":{"line":29,"column":null}},"28":{"start":{"line":37,"column":18},"end":{"line":37,"column":46}},"29":{"start":{"line":39,"column":4},"end":{"line":41,"column":46}},"30":{"start":{"line":44,"column":2},"end":{"line":53,"column":3}},"31":{"start":{"line":45,"column":19},"end":{"line":45,"column":34}},"32":{"start":{"line":46,"column":4},"end":{"line":46,"column":null}},"33":{"start":{"line":48,"column":16},"end":{"line":48,"column":26}},"34":{"start":{"line":49,"column":4},"end":{"line":52,"column":null}},"35":{"start":{"line":56,"column":20},"end":{"line":59,"column":40}},"36":{"start":{"line":61,"column":2},"end":{"line":61,"column":null}},"37":{"start":{"line":69,"column":2},"end":{"line":69,"column":null}},"38":{"start":{"line":73,"column":2},"end":{"line":73,"column":null}},"39":{"start":{"line":77,"column":14},"end":{"line":77,"column":24}},"40":{"start":{"line":78,"column":2},"end":{"line":82,"column":null}},"41":{"start":{"line":86,"column":2},"end":{"line":86,"column":null}},"42":{"start":{"line":90,"column":13},"end":{"line":90,"column":29}},"43":{"start":{"line":91,"column":13},"end":{"line":91,"column":29}},"44":{"start":{"line":92,"column":2},"end":{"line":92,"column":null}},"45":{"start":{"line":96,"column":14},"end":{"line":96,"column":45}},"46":{"start":{"line":97,"column":15},"end":{"line":97,"column":46}},"47":{"start":{"line":98,"column":2},"end":{"line":98,"column":null}},"48":{"start":{"line":102,"column":2},"end":{"line":102,"column":null}},"49":{"start":{"line":109,"column":14},"end":{"line":109,"column":45}},"50":{"start":{"line":110,"column":15},"end":{"line":110,"column":46}},"51":{"start":{"line":111,"column":2},"end":{"line":111,"column":null}},"52":{"start":{"line":118,"column":20},"end":{"line":118,"column":65}},"53":{"start":{"line":124,"column":2},"end":{"line":129,"column":3}},"54":{"start":{"line":125,"column":4},"end":{"line":128,"column":null}},"55":{"start":{"line":131,"column":2},"end":{"line":133,"column":3}},"56":{"start":{"line":132,"column":4},"end":{"line":132,"column":null}},"57":{"start":{"line":135,"column":2},"end":{"line":137,"column":3}},"58":{"start":{"line":136,"column":4},"end":{"line":136,"column":null}},"59":{"start":{"line":139,"column":24},"end":{"line":139,"column":45}},"60":{"start":{"line":141,"column":2},"end":{"line":155,"column":3}},"61":{"start":{"line":142,"column":4},"end":{"line":147,"column":5}},"62":{"start":{"line":143,"column":6},"end":{"line":146,"column":null}},"63":{"start":{"line":149,"column":4},"end":{"line":154,"column":5}},"64":{"start":{"line":150,"column":6},"end":{"line":153,"column":null}},"65":{"start":{"line":157,"column":2},"end":{"line":162,"column":3}},"66":{"start":{"line":158,"column":4},"end":{"line":161,"column":null}},"67":{"start":{"line":164,"column":2},"end":{"line":164,"column":null}},"68":{"start":{"line":173,"column":2},"end":{"line":173,"column":null}},"69":{"start":{"line":173,"column":16},"end":{"line":173,"column":null}},"70":{"start":{"line":176,"column":28},"end":{"line":176,"column":56}},"71":{"start":{"line":177,"column":2},"end":{"line":177,"column":null}},"72":{"start":{"line":189,"column":2},"end":{"line":189,"column":null}},"73":{"start":{"line":200,"column":2},"end":{"line":200,"column":null}},"74":{"start":{"line":200,"column":16},"end":{"line":200,"column":null}},"75":{"start":{"line":202,"column":2},"end":{"line":202,"column":null}},"76":{"start":{"line":202,"column":35},"end":{"line":202,"column":null}},"77":{"start":{"line":204,"column":2},"end":{"line":204,"column":null}},"78":{"start":{"line":212,"column":2},"end":{"line":212,"column":null}},"79":{"start":{"line":216,"column":2},"end":{"line":216,"column":null}},"80":{"start":{"line":216,"column":21},"end":{"line":216,"column":null}},"81":{"start":{"line":217,"column":2},"end":{"line":217,"column":null}},"82":{"start":{"line":221,"column":2},"end":{"line":221,"column":null}},"83":{"start":{"line":221,"column":21},"end":{"line":221,"column":null}},"84":{"start":{"line":222,"column":2},"end":{"line":222,"column":null}},"85":{"start":{"line":226,"column":2},"end":{"line":226,"column":null}}},"fnMap":{"0":{"name":"generateFragmentId","decl":{"start":{"line":36,"column":16},"end":{"line":36,"column":34}},"loc":{"start":{"line":36,"column":69},"end":{"line":62,"column":1}}},"1":{"name":"getCurrentDatetime","decl":{"start":{"line":68,"column":16},"end":{"line":68,"column":34}},"loc":{"start":{"line":68,"column":34},"end":{"line":70,"column":1}}},"2":{"name":"getCurrentDate","decl":{"start":{"line":72,"column":16},"end":{"line":72,"column":30}},"loc":{"start":{"line":72,"column":30},"end":{"line":74,"column":1}}},"3":{"name":"getCurrentTime","decl":{"start":{"line":76,"column":16},"end":{"line":76,"column":30}},"loc":{"start":{"line":76,"column":30},"end":{"line":83,"column":1}}},"4":{"name":"parseDate","decl":{"start":{"line":85,"column":16},"end":{"line":85,"column":25}},"loc":{"start":{"line":85,"column":41},"end":{"line":87,"column":1}}},"5":{"name":"calculateDaysBetween","decl":{"start":{"line":89,"column":16},"end":{"line":89,"column":36}},"loc":{"start":{"line":89,"column":65},"end":{"line":93,"column":1}}},"6":{"name":"isExpired","decl":{"start":{"line":95,"column":16},"end":{"line":95,"column":25}},"loc":{"start":{"line":95,"column":67},"end":{"line":99,"column":1}}},"7":{"name":"isToday","decl":{"start":{"line":101,"column":16},"end":{"line":101,"column":23}},"loc":{"start":{"line":101,"column":65},"end":{"line":103,"column":1}}},"8":{"name":"isWithinRetroactiveRange","decl":{"start":{"line":105,"column":16},"end":{"line":105,"column":40}},"loc":{"start":{"line":107,"column":29},"end":{"line":112,"column":1}}},"9":{"name":"validateContent","decl":{"start":{"line":120,"column":16},"end":{"line":120,"column":31}},"loc":{"start":{"line":122,"column":21},"end":{"line":165,"column":1}}},"10":{"name":"isEmojiOnly","decl":{"start":{"line":172,"column":16},"end":{"line":172,"column":27}},"loc":{"start":{"line":172,"column":43},"end":{"line":178,"column":1}}},"11":{"name":"getFragmentDatePath","decl":{"start":{"line":184,"column":16},"end":{"line":184,"column":35}},"loc":{"start":{"line":187,"column":14},"end":{"line":190,"column":1}}},"12":{"name":"formatFragmentSummary","decl":{"start":{"line":196,"column":16},"end":{"line":196,"column":37}},"loc":{"start":{"line":198,"column":24},"end":{"line":205,"column":1}}},"13":{"name":"getOriginDisplay","decl":{"start":{"line":211,"column":16},"end":{"line":211,"column":32}},"loc":{"start":{"line":211,"column":47},"end":{"line":213,"column":1}}},"14":{"name":"getMoodEmoji","decl":{"start":{"line":215,"column":16},"end":{"line":215,"column":28}},"loc":{"start":{"line":215,"column":48},"end":{"line":218,"column":1}}},"15":{"name":"getMoodDisplay","decl":{"start":{"line":220,"column":16},"end":{"line":220,"column":30}},"loc":{"start":{"line":220,"column":50},"end":{"line":223,"column":1}}},"16":{"name":"getWritingModeDisplay","decl":{"start":{"line":225,"column":16},"end":{"line":225,"column":37}},"loc":{"start":{"line":225,"column":50},"end":{"line":227,"column":1}}}},"branchMap":{"0":{"loc":{"start":{"line":44,"column":2},"end":{"line":53,"column":3}},"type":"if","locations":[{"start":{"line":44,"column":2},"end":{"line":53,"column":3}},{"start":{"line":47,"column":9},"end":{"line":53,"column":3}}]},"1":{"loc":{"start":{"line":96,"column":14},"end":{"line":96,"column":45}},"type":"binary-expr","locations":[{"start":{"line":96,"column":14},"end":{"line":96,"column":25}},{"start":{"line":96,"column":29},"end":{"line":96,"column":45}}]},"2":{"loc":{"start":{"line":102,"column":19},"end":{"line":102,"column":50}},"type":"binary-expr","locations":[{"start":{"line":102,"column":19},"end":{"line":102,"column":30}},{"start":{"line":102,"column":34},"end":{"line":102,"column":50}}]},"3":{"loc":{"start":{"line":109,"column":14},"end":{"line":109,"column":45}},"type":"binary-expr","locations":[{"start":{"line":109,"column":14},"end":{"line":109,"column":25}},{"start":{"line":109,"column":29},"end":{"line":109,"column":45}}]},"4":{"loc":{"start":{"line":111,"column":9},"end":{"line":111,"column":46}},"type":"binary-expr","locations":[{"start":{"line":111,"column":9},"end":{"line":111,"column":18}},{"start":{"line":111,"column":22},"end":{"line":111,"column":46}}]},"5":{"loc":{"start":{"line":124,"column":2},"end":{"line":129,"column":3}},"type":"if","locations":[{"start":{"line":124,"column":2},"end":{"line":129,"column":3}}]},"6":{"loc":{"start":{"line":131,"column":2},"end":{"line":133,"column":3}},"type":"if","locations":[{"start":{"line":131,"column":2},"end":{"line":133,"column":3}}]},"7":{"loc":{"start":{"line":131,"column":6},"end":{"line":131,"column":39}},"type":"binary-expr","locations":[{"start":{"line":131,"column":6},"end":{"line":131,"column":14}},{"start":{"line":131,"column":18},"end":{"line":131,"column":39}}]},"8":{"loc":{"start":{"line":135,"column":2},"end":{"line":137,"column":3}},"type":"if","locations":[{"start":{"line":135,"column":2},"end":{"line":137,"column":3}}]},"9":{"loc":{"start":{"line":141,"column":2},"end":{"line":155,"column":3}},"type":"if","locations":[{"start":{"line":141,"column":2},"end":{"line":155,"column":3}},{"start":{"line":148,"column":9},"end":{"line":155,"column":3}}]},"10":{"loc":{"start":{"line":142,"column":4},"end":{"line":147,"column":5}},"type":"if","locations":[{"start":{"line":142,"column":4},"end":{"line":147,"column":5}}]},"11":{"loc":{"start":{"line":149,"column":4},"end":{"line":154,"column":5}},"type":"if","locations":[{"start":{"line":149,"column":4},"end":{"line":154,"column":5}}]},"12":{"loc":{"start":{"line":157,"column":2},"end":{"line":162,"column":3}},"type":"if","locations":[{"start":{"line":157,"column":2},"end":{"line":162,"column":3}}]},"13":{"loc":{"start":{"line":173,"column":2},"end":{"line":173,"column":null}},"type":"if","locations":[{"start":{"line":173,"column":2},"end":{"line":173,"column":null}}]},"14":{"loc":{"start":{"line":198,"column":2},"end":{"line":198,"column":24}},"type":"default-arg","locations":[{"start":{"line":198,"column":22},"end":{"line":198,"column":24}}]},"15":{"loc":{"start":{"line":200,"column":2},"end":{"line":200,"column":null}},"type":"if","locations":[{"start":{"line":200,"column":2},"end":{"line":200,"column":null}}]},"16":{"loc":{"start":{"line":202,"column":2},"end":{"line":202,"column":null}},"type":"if","locations":[{"start":{"line":202,"column":2},"end":{"line":202,"column":null}}]},"17":{"loc":{"start":{"line":212,"column":9},"end":{"line":212,"column":41}},"type":"binary-expr","locations":[{"start":{"line":212,"column":9},"end":{"line":212,"column":31}},{"start":{"line":212,"column":35},"end":{"line":212,"column":41}}]},"18":{"loc":{"start":{"line":216,"column":2},"end":{"line":216,"column":null}},"type":"if","locations":[{"start":{"line":216,"column":2},"end":{"line":216,"column":null}}]},"19":{"loc":{"start":{"line":217,"column":9},"end":{"line":217,"column":32}},"type":"binary-expr","locations":[{"start":{"line":217,"column":9},"end":{"line":217,"column":25}},{"start":{"line":217,"column":29},"end":{"line":217,"column":32}}]},"20":{"loc":{"start":{"line":221,"column":2},"end":{"line":221,"column":null}},"type":"if","locations":[{"start":{"line":221,"column":2},"end":{"line":221,"column":null}}]},"21":{"loc":{"start":{"line":222,"column":9},"end":{"line":222,"column":36}},"type":"binary-expr","locations":[{"start":{"line":222,"column":9},"end":{"line":222,"column":27}},{"start":{"line":222,"column":31},"end":{"line":222,"column":36}}]},"22":{"loc":{"start":{"line":226,"column":9},"end":{"line":226,"column":43}},"type":"binary-expr","locations":[{"start":{"line":226,"column":9},"end":{"line":226,"column":35}},{"start":{"line":226,"column":39},"end":{"line":226,"column":43}}]}},"s":{"0":5,"1":5,"2":5,"3":5,"4":5,"5":5,"6":5,"7":5,"8":5,"9":5,"10":5,"11":5,"12":5,"13":5,"14":5,"15":5,"16":5,"17":5,"18":5,"19":5,"20":5,"21":5,"22":5,"23":5,"24":5,"25":5,"26":5,"27":5,"28":45,"29":45,"30":45,"31":21,"32":21,"33":24,"34":24,"35":45,"36":45,"37":50,"38":31,"39":23,"40":23,"41":26,"42":13,"43":13,"44":13,"45":3,"46":3,"47":3,"48":2,"49":4,"50":4,"51":4,"52":5,"53":33,"54":1,"55":32,"56":2,"57":30,"58":1,"59":29,"60":29,"61":2,"62":1,"63":27,"64":2,"65":26,"66":2,"67":24,"68":36,"69":1,"70":35,"71":35,"72":0,"73":4,"74":2,"75":2,"76":1,"77":1,"78":4,"79":3,"80":1,"81":2,"82":2,"83":1,"84":1,"85":3},"f":{"0":45,"1":50,"2":31,"3":23,"4":26,"5":13,"6":3,"7":2,"8":4,"9":33,"10":36,"11":0,"12":4,"13":4,"14":3,"15":2,"16":3},"b":{"0":[21,24],"1":[3,0],"2":[2,1],"3":[4,0],"4":[4,3],"5":[1],"6":[2],"7":[32,30],"8":[1],"9":[2,27],"10":[1],"11":[2],"12":[2],"13":[1],"14":[4],"15":[2],"16":[1],"17":[4,1],"18":[1],"19":[2,1],"20":[1],"21":[1,0],"22":[3,1]}}
,"D:\\CLAUDECODE\\yourcrush\\src\\shared\\persistence\\intimateToggle.ts": {"path":"D:\\CLAUDECODE\\yourcrush\\src\\shared\\persistence\\intimateToggle.ts","statementMap":{"0":{"start":{"line":19,"column":0},"end":{"line":19,"column":16}},"1":{"start":{"line":26,"column":0},"end":{"line":26,"column":16}},"2":{"start":{"line":40,"column":0},"end":{"line":40,"column":16}},"3":{"start":{"line":54,"column":0},"end":{"line":54,"column":16}},"4":{"start":{"line":12,"column":0},"end":{"line":12,"column":24}},"5":{"start":{"line":13,"column":0},"end":{"line":13,"column":28}},"6":{"start":{"line":16,"column":24},"end":{"line":16,"column":42}},"7":{"start":{"line":20,"column":2},"end":{"line":20,"column":null}},"8":{"start":{"line":20,"column":34},"end":{"line":20,"column":null}},"9":{"start":{"line":21,"column":18},"end":{"line":21,"column":61}},"10":{"start":{"line":22,"column":2},"end":{"line":22,"column":null}},"11":{"start":{"line":27,"column":2},"end":{"line":27,"column":null}},"12":{"start":{"line":44,"column":20},"end":{"line":44,"column":47}},"13":{"start":{"line":45,"column":2},"end":{"line":45,"column":null}},"14":{"start":{"line":45,"column":33},"end":{"line":45,"column":null}},"15":{"start":{"line":46,"column":21},"end":{"line":46,"column":58}},"16":{"start":{"line":47,"column":2},"end":{"line":47,"column":null}},"17":{"start":{"line":59,"column":20},"end":{"line":59,"column":47}},"18":{"start":{"line":60,"column":2},"end":{"line":60,"column":null}},"19":{"start":{"line":60,"column":33},"end":{"line":60,"column":null}},"20":{"start":{"line":61,"column":21},"end":{"line":61,"column":58}},"21":{"start":{"line":62,"column":18},"end":{"line":62,"column":48}},"22":{"start":{"line":63,"column":2},"end":{"line":65,"column":3}},"23":{"start":{"line":64,"column":4},"end":{"line":64,"column":null}},"24":{"start":{"line":66,"column":2},"end":{"line":66,"column":null}}},"fnMap":{"0":{"name":"readIntimateConfig","decl":{"start":{"line":19,"column":16},"end":{"line":19,"column":34}},"loc":{"start":{"line":19,"column":53},"end":{"line":23,"column":1}}},"1":{"name":"writeIntimateConfig","decl":{"start":{"line":26,"column":16},"end":{"line":26,"column":35}},"loc":{"start":{"line":26,"column":72},"end":{"line":28,"column":1}}},"2":{"name":"getIntimateStatus","decl":{"start":{"line":40,"column":16},"end":{"line":40,"column":33}},"loc":{"start":{"line":42,"column":14},"end":{"line":48,"column":1}}},"3":{"name":"setIntimate","decl":{"start":{"line":54,"column":16},"end":{"line":54,"column":27}},"loc":{"start":{"line":57,"column":18},"end":{"line":67,"column":1}}}},"branchMap":{"0":{"loc":{"start":{"line":20,"column":2},"end":{"line":20,"column":null}},"type":"if","locations":[{"start":{"line":20,"column":2},"end":{"line":20,"column":null}}]},"1":{"loc":{"start":{"line":22,"column":9},"end":{"line":22,"column":79}},"type":"binary-expr","locations":[{"start":{"line":22,"column":9},"end":{"line":22,"column":42}},{"start":{"line":22,"column":46},"end":{"line":22,"column":79}}]},"2":{"loc":{"start":{"line":27,"column":43},"end":{"line":27,"column":69}},"type":"cond-expr","locations":[{"start":{"line":27,"column":53},"end":{"line":27,"column":59}},{"start":{"line":27,"column":62},"end":{"line":27,"column":69}}]},"3":{"loc":{"start":{"line":45,"column":2},"end":{"line":45,"column":null}},"type":"if","locations":[{"start":{"line":45,"column":2},"end":{"line":45,"column":null}}]},"4":{"loc":{"start":{"line":60,"column":2},"end":{"line":60,"column":null}},"type":"if","locations":[{"start":{"line":60,"column":2},"end":{"line":60,"column":null}}]},"5":{"loc":{"start":{"line":63,"column":2},"end":{"line":65,"column":3}},"type":"if","locations":[{"start":{"line":63,"column":2},"end":{"line":65,"column":3}}]}},"s":{"0":2,"1":2,"2":2,"3":2,"4":2,"5":2,"6":2,"7":12,"8":4,"9":8,"10":8,"11":6,"12":2,"13":2,"14":1,"15":1,"16":1,"17":4,"18":4,"19":1,"20":3,"21":3,"22":3,"23":2,"24":3},"f":{"0":12,"1":6,"2":2,"3":4},"b":{"0":[4],"1":[8,3],"2":[4,2],"3":[1],"4":[1],"5":[2]}}
,"D:\\CLAUDECODE\\yourcrush\\src\\shared\\persistence\\settingsStore.ts": {"path":"D:\\CLAUDECODE\\yourcrush\\src\\shared\\persistence\\settingsStore.ts","statementMap":{"0":{"start":{"line":16,"column":0},"end":{"line":16,"column":16}},"1":{"start":{"line":27,"column":0},"end":{"line":27,"column":16}},"2":{"start":{"line":38,"column":0},"end":{"line":38,"column":16}},"3":{"start":{"line":47,"column":0},"end":{"line":47,"column":16}},"4":{"start":{"line":12,"column":0},"end":{"line":12,"column":24}},"5":{"start":{"line":13,"column":0},"end":{"line":13,"column":28}},"6":{"start":{"line":17,"column":2},"end":{"line":23,"column":3}},"7":{"start":{"line":18,"column":4},"end":{"line":18,"column":null}},"8":{"start":{"line":18,"column":34},"end":{"line":18,"column":null}},"9":{"start":{"line":19,"column":20},"end":{"line":19,"column":54}},"10":{"start":{"line":20,"column":4},"end":{"line":20,"column":null}},"11":{"start":{"line":22,"column":4},"end":{"line":22,"column":null}},"12":{"start":{"line":28,"column":2},"end":{"line":34,"column":3}},"13":{"start":{"line":29,"column":4},"end":{"line":29,"column":null}},"14":{"start":{"line":30,"column":4},"end":{"line":30,"column":null}},"15":{"start":{"line":31,"column":4},"end":{"line":31,"column":null}},"16":{"start":{"line":33,"column":4},"end":{"line":33,"column":null}},"17":{"start":{"line":39,"column":23},"end":{"line":39,"column":62}},"18":{"start":{"line":40,"column":2},"end":{"line":40,"column":null}},"19":{"start":{"line":51,"column":23},"end":{"line":51,"column":62}},"20":{"start":{"line":52,"column":2},"end":{"line":52,"column":null}}},"fnMap":{"0":{"name":"readJson","decl":{"start":{"line":16,"column":16},"end":{"line":16,"column":24}},"loc":{"start":{"line":16,"column":50},"end":{"line":24,"column":1}}},"1":{"name":"writeJson","decl":{"start":{"line":27,"column":16},"end":{"line":27,"column":25}},"loc":{"start":{"line":27,"column":57},"end":{"line":35,"column":1}}},"2":{"name":"getSettings","decl":{"start":{"line":38,"column":16},"end":{"line":38,"column":27}},"loc":{"start":{"line":38,"column":47},"end":{"line":41,"column":1}}},"3":{"name":"updateSettings","decl":{"start":{"line":47,"column":16},"end":{"line":47,"column":30}},"loc":{"start":{"line":49,"column":31},"end":{"line":53,"column":1}}}},"branchMap":{"0":{"loc":{"start":{"line":18,"column":4},"end":{"line":18,"column":null}},"type":"if","locations":[{"start":{"line":18,"column":4},"end":{"line":18,"column":null}}]},"1":{"loc":{"start":{"line":40,"column":9},"end":{"line":40,"column":58}},"type":"binary-expr","locations":[{"start":{"line":40,"column":9},"end":{"line":40,"column":52}},{"start":{"line":40,"column":56},"end":{"line":40,"column":58}}]}},"s":{"0":3,"1":3,"2":3,"3":3,"4":3,"5":3,"6":35,"7":35,"8":6,"9":29,"10":29,"11":1,"12":24,"13":24,"14":24,"15":24,"16":0,"17":6,"18":6,"19":3,"20":3},"f":{"0":35,"1":24,"2":6,"3":3},"b":{"0":[6],"1":[6,4]}}
}
