TN:
SF:src\shared\ai\aiClient.ts
FN:42,callAnthropic
FN:66,(anonymous_1)
FN:67,(anonymous_2)
FN:73,callOpenAICompatible
FN:135,generateNarrative
FNF:5
FNH:0
FNDA:0,callAnthropic
FNDA:0,(anonymous_1)
FNDA:0,(anonymous_2)
FNDA:0,callOpenAICompatible
FNDA:0,generateNarrative
DA:43,0
DA:59,0
DA:60,0
DA:61,0
DA:64,0
DA:65,0
DA:66,0
DA:67,0
DA:69,0
DA:75,0
DA:81,0
DA:82,0
DA:83,0
DA:86,0
DA:91,0
DA:105,0
DA:106,0
DA:107,0
DA:110,0
DA:111,0
DA:113,0
DA:114,0
DA:119,0
DA:121,0
DA:122,0
DA:125,0
DA:135,1
DA:136,0
DA:137,0
DA:140,0
DA:141,0
DA:145,0
DA:146,0
DA:149,0
LF:34
LH:1
BRDA:52,0,0,0
BRDA:52,0,1,0
BRDA:53,1,0,0
BRDA:53,1,1,0
BRDA:59,2,0,0
BRDA:66,3,0,0
BRDA:66,3,1,0
BRDA:82,4,0,0
BRDA:99,5,0,0
BRDA:99,5,1,0
BRDA:100,6,0,0
BRDA:100,6,1,0
BRDA:105,7,0,0
BRDA:113,8,0,0
BRDA:121,9,0,0
BRDA:136,10,0,0
BRDA:136,11,0,0
BRDA:136,11,1,0
BRDA:140,12,0,0
BRDA:140,13,0,0
BRDA:140,13,1,0
BRDA:145,14,0,0
BRF:22
BRH:0
end_of_record
TN:
SF:src\shared\ai\promptBuilder.ts
FN:86,buildSystemPrompt
FN:138,buildUserPrompt
FNF:2
FNH:2
FNDA:2,buildSystemPrompt
FNDA:2,buildUserPrompt
DA:34,1
DA:54,1
DA:86,1
DA:91,2
DA:94,2
DA:95,2
DA:99,2
DA:100,0
DA:104,2
DA:105,0
DA:109,2
DA:110,0
DA:114,2
DA:115,0
DA:116,0
DA:120,2
DA:123,2
DA:124,0
DA:127,2
DA:138,1
DA:139,2
DA:140,2
DA:143,2
DA:144,0
DA:150,0
DA:151,0
DA:152,0
DA:153,0
DA:157,0
DA:158,0
DA:161,0
DA:165,2
DA:167,2
DA:168,1
DA:171,2
DA:179,2
DA:180,0
DA:181,0
DA:182,0
DA:186,2
DA:187,0
DA:190,2
LF:42
LH:24
BRDA:94,0,0,2
BRDA:99,1,0,0
BRDA:104,2,0,0
BRDA:109,3,0,0
BRDA:114,4,0,0
BRDA:123,5,0,0
BRDA:139,6,0,2
BRDA:139,6,1,0
BRDA:140,7,0,2
BRDA:140,7,1,1
BRDA:143,8,0,0
BRDA:147,9,0,0
BRDA:147,9,1,0
BRDA:150,10,0,0
BRDA:150,11,0,0
BRDA:150,11,1,0
BRDA:152,12,0,0
BRDA:157,13,0,0
BRDA:167,14,0,1
BRDA:179,15,0,0
BRDA:179,16,0,2
BRDA:179,16,1,0
BRDA:181,17,0,0
BRDA:186,18,0,0
BRF:24
BRH:6
end_of_record
TN:
SF:src\shared\crush\contextLoader.ts
FN:30,readTextFile
FN:48,loadCrushContext
FNF:2
FNH:2
FNDA:8,readTextFile
FNDA:2,loadCrushContext
DA:7,1
DA:8,1
DA:9,1
DA:31,8
DA:32,8
DA:33,2
DA:38,6
DA:48,1
DA:49,2
DA:51,2
DA:52,2
DA:54,2
DA:55,2
DA:56,2
DA:57,2
DA:59,2
DA:60,2
DA:61,0
DA:62,0
DA:63,0
DA:67,2
LF:21
LH:18
BRDA:32,0,0,2
BRDA:60,1,0,0
BRDA:62,2,0,0
BRF:3
BRH:1
end_of_record
TN:
SF:src\shared\crush\crushStore.ts
FN:39,crushDir
FN:43,nowISO
FN:52,copyTemplateFile
FN:73,createCrush
FN:152,listCrushes
FN:160,(anonymous_5)
FN:182,getCrush
FN:203,updateCrush
FN:241,deleteCrush
FNF:9
FNH:8
FNDA:28,crushDir
FNDA:18,nowISO
FNDA:0,copyTemplateFile
FNDA:17,createCrush
FNDA:5,listCrushes
FNDA:1,(anonymous_5)
FNDA:6,getCrush
FNDA:4,updateCrush
FNDA:4,deleteCrush
DA:15,1
DA:16,1
DA:17,1
DA:40,28
DA:45,18
DA:58,0
DA:59,0
DA:60,0
DA:61,0
DA:62,0
DA:63,0
DA:65,0
DA:73,1
DA:77,17
DA:78,17
DA:79,1
DA:81,16
DA:82,16
DA:84,16
DA:85,16
DA:86,16
DA:88,16
DA:89,16
DA:90,16
DA:91,16
DA:98,16
DA:100,0
DA:110,0
DA:111,0
DA:115,16
DA:126,16
DA:127,16
DA:128,16
DA:129,14
DA:131,16
DA:132,16
DA:133,14
DA:138,16
DA:139,16
DA:140,14
DA:144,16
DA:145,16
DA:147,0
DA:152,1
DA:153,5
DA:154,5
DA:155,5
DA:156,1
DA:158,4
DA:160,4
DA:161,1
DA:163,4
DA:164,3
DA:166,3
DA:167,3
DA:168,3
DA:169,2
DA:172,1
DA:175,4
DA:177,0
DA:182,1
DA:183,6
DA:184,1
DA:186,5
DA:187,5
DA:188,5
DA:189,5
DA:190,1
DA:192,4
DA:193,4
DA:194,0
DA:196,4
DA:198,0
DA:203,1
DA:213,4
DA:214,4
DA:215,1
DA:217,3
DA:218,3
DA:219,3
DA:220,3
DA:221,1
DA:223,2
DA:224,2
DA:225,0
DA:228,2
DA:229,2
DA:230,2
DA:231,2
DA:232,2
DA:233,2
DA:234,2
DA:236,0
DA:241,1
DA:242,4
DA:243,0
DA:245,4
DA:246,4
DA:247,4
DA:248,1
DA:250,3
DA:251,3
DA:253,0
LF:103
LH:85
BRDA:60,0,0,0
BRDA:78,1,0,1
BRDA:78,2,0,17
BRDA:78,2,1,16
BRDA:78,2,2,16
BRDA:98,3,0,0
BRDA:98,3,1,16
BRDA:119,4,0,16
BRDA:119,4,1,15
BRDA:120,5,0,16
BRDA:120,5,1,15
BRDA:128,6,0,14
BRDA:132,7,0,14
BRDA:139,8,0,14
BRDA:145,9,0,16
BRDA:145,9,1,0
BRDA:147,10,0,0
BRDA:147,10,1,0
BRDA:155,11,0,1
BRDA:161,12,0,0
BRDA:161,12,1,1
BRDA:161,13,0,1
BRDA:161,13,1,0
BRDA:164,14,0,0
BRDA:166,15,0,0
BRDA:168,16,0,2
BRDA:168,16,1,1
BRDA:177,17,0,0
BRDA:177,17,1,0
BRDA:183,18,0,1
BRDA:189,19,0,1
BRDA:189,20,0,5
BRDA:189,20,1,4
BRDA:193,21,0,0
BRDA:198,22,0,0
BRDA:198,22,1,0
BRDA:214,23,0,1
BRDA:220,24,0,1
BRDA:220,25,0,3
BRDA:220,25,1,2
BRDA:224,26,0,0
BRDA:228,27,0,1
BRDA:229,28,0,1
BRDA:230,29,0,0
BRDA:231,30,0,0
BRDA:236,31,0,0
BRDA:236,31,1,0
BRDA:242,32,0,0
BRDA:247,33,0,1
BRDA:253,34,0,0
BRDA:253,34,1,0
BRF:51
BRH:29
end_of_record
TN:
SF:src\shared\day\dayService.ts
FN:25,chatsDir
FN:29,dayPath
FN:33,formatNotFound
FN:48,runPipeline
FN:133,generateDay
FN:190,listDays
FN:206,(anonymous_6)
FN:207,(anonymous_7)
FN:213,(anonymous_8)
FN:238,getDay
FN:266,updateDay
FN:293,deleteDay
FNF:12
FNH:12
FNDA:26,chatsDir
FNDA:18,dayPath
FNDA:6,formatNotFound
FNDA:3,runPipeline
FNDA:4,generateDay
FNDA:8,listDays
FNDA:16,(anonymous_6)
FNDA:10,(anonymous_7)
FNDA:16,(anonymous_8)
FNDA:7,getDay
FNDA:3,updateDay
FNDA:4,deleteDay
DA:13,1
DA:14,1
DA:15,1
DA:16,1
DA:17,1
DA:18,1
DA:26,26
DA:30,18
DA:34,6
DA:48,1
DA:60,3
DA:62,3
DA:63,3
DA:64,3
DA:65,3
DA:71,0
DA:72,0
DA:73,0
DA:74,0
DA:77,0
DA:83,0
DA:86,0
DA:93,0
DA:102,0
DA:113,0
DA:114,0
DA:115,0
DA:117,0
DA:127,0
DA:133,1
DA:148,4
DA:149,4
DA:152,4
DA:155,4
DA:156,2
DA:157,2
DA:164,2
DA:171,2
DA:183,2
DA:185,0
DA:190,1
DA:194,8
DA:195,8
DA:196,8
DA:197,8
DA:199,8
DA:200,1
DA:204,7
DA:206,16
DA:208,10
DA:209,10
DA:210,10
DA:213,7
DA:215,16
DA:216,16
DA:217,16
DA:218,16
DA:227,7
DA:228,7
DA:229,7
DA:231,7
DA:233,0
DA:238,1
DA:242,7
DA:243,7
DA:245,7
DA:246,4
DA:249,3
DA:251,3
DA:261,0
DA:266,1
DA:270,3
DA:271,3
DA:273,3
DA:274,1
DA:277,2
DA:279,2
DA:288,0
DA:293,1
DA:297,4
DA:298,4
DA:300,4
DA:301,1
DA:304,3
DA:306,3
DA:314,0
LF:86
LH:67
BRDA:64,0,0,3
BRDA:71,1,0,0
BRDA:71,1,1,0
BRDA:72,2,0,0
BRDA:72,2,1,0
BRDA:73,3,0,0
BRDA:73,3,1,0
BRDA:74,4,0,0
BRDA:74,4,1,0
BRDA:123,5,0,0
BRDA:123,5,1,0
BRDA:127,6,0,0
BRDA:127,6,1,0
BRDA:155,7,0,2
BRDA:176,8,0,2
BRDA:176,8,1,1
BRDA:185,9,0,0
BRDA:185,9,1,0
BRDA:196,10,0,8
BRDA:196,10,1,6
BRDA:197,11,0,8
BRDA:197,11,1,6
BRDA:199,12,0,1
BRDA:233,13,0,0
BRDA:233,13,1,0
BRDA:245,14,0,4
BRDA:261,15,0,0
BRDA:261,15,1,0
BRDA:273,16,0,1
BRDA:288,17,0,0
BRDA:288,17,1,0
BRDA:300,18,0,1
BRDA:314,19,0,0
BRDA:314,19,1,0
BRF:34
BRH:12
end_of_record
TN:
SF:src\shared\fragment\crud.ts
FN:27,recordFragment
FN:101,updateFragment
FN:133,(anonymous_2)
FN:182,deleteFragment
FN:210,(anonymous_4)
FN:234,getFragment
FN:242,getFragmentsByDate
FNF:7
FNH:7
FNDA:26,recordFragment
FNDA:3,updateFragment
FNDA:2,(anonymous_2)
FNDA:3,deleteFragment
FNDA:1,(anonymous_4)
FNDA:3,getFragment
FNDA:1,getFragmentsByDate
DA:7,2
DA:12,2
DA:13,2
DA:27,2
DA:34,26
DA:36,26
DA:38,26
DA:39,26
DA:40,0
DA:43,26
DA:44,1
DA:50,25
DA:51,25
DA:52,25
DA:53,25
DA:54,2
DA:57,23
DA:58,23
DA:59,23
DA:61,23
DA:62,23
DA:79,23
DA:80,23
DA:81,23
DA:83,23
DA:84,23
DA:85,0
DA:86,0
DA:87,0
DA:90,23
DA:97,2
DA:101,2
DA:110,3
DA:114,3
DA:115,3
DA:117,3
DA:118,0
DA:121,3
DA:122,3
DA:123,0
DA:124,0
DA:126,0
DA:129,3
DA:130,1
DA:133,2
DA:134,2
DA:135,1
DA:138,1
DA:139,1
DA:140,1
DA:141,1
DA:142,0
DA:147,1
DA:148,1
DA:149,1
DA:150,1
DA:155,1
DA:156,1
DA:157,1
DA:160,1
DA:162,1
DA:163,1
DA:165,1
DA:166,1
DA:168,0
DA:169,0
DA:171,0
DA:172,0
DA:175,1
DA:182,2
DA:190,3
DA:194,3
DA:195,3
DA:197,3
DA:198,1
DA:201,2
DA:202,2
DA:203,0
DA:206,2
DA:207,1
DA:210,1
DA:211,1
DA:212,0
DA:215,1
DA:216,1
DA:217,1
DA:219,1
DA:220,1
DA:222,0
DA:223,0
DA:224,0
DA:227,1
DA:234,2
DA:238,3
DA:239,3
DA:242,2
DA:248,1
DA:249,1
LF:98
LH:80
BRDA:34,0,0,26
BRDA:34,0,1,26
BRDA:36,1,0,26
BRDA:36,1,1,26
BRDA:39,2,0,0
BRDA:43,3,0,1
BRDA:50,4,0,25
BRDA:50,4,1,0
BRDA:51,5,0,25
BRDA:51,5,1,0
BRDA:53,6,0,2
BRDA:57,7,0,23
BRDA:57,7,1,23
BRDA:58,8,0,23
BRDA:58,8,1,23
BRDA:65,9,0,23
BRDA:65,9,1,23
BRDA:66,10,0,23
BRDA:66,10,1,0
BRDA:67,11,0,23
BRDA:67,11,1,22
BRDA:69,12,0,23
BRDA:69,12,1,23
BRDA:70,13,0,23
BRDA:70,13,1,23
BRDA:71,14,0,23
BRDA:71,14,1,23
BRDA:73,15,0,23
BRDA:73,15,1,23
BRDA:84,16,0,0
BRDA:110,17,0,0
BRDA:110,17,1,3
BRDA:110,18,0,3
BRDA:110,18,1,0
BRDA:117,19,0,0
BRDA:117,20,0,3
BRDA:117,20,1,3
BRDA:122,21,0,0
BRDA:123,22,0,0
BRDA:129,23,0,1
BRDA:129,24,0,3
BRDA:129,24,1,3
BRDA:134,25,0,1
BRDA:138,26,0,1
BRDA:139,27,0,1
BRDA:139,27,1,1
BRDA:141,28,0,0
BRDA:149,29,0,1
BRDA:156,30,0,1
BRDA:166,31,0,0
BRDA:190,32,0,0
BRDA:190,32,1,3
BRDA:190,33,0,3
BRDA:190,33,1,0
BRDA:197,34,0,1
BRDA:197,35,0,3
BRDA:197,35,1,2
BRDA:202,36,0,0
BRDA:206,37,0,1
BRDA:206,38,0,2
BRDA:206,38,1,2
BRDA:211,39,0,0
BRDA:220,40,0,0
BRDA:248,41,0,1
BRDA:248,41,1,1
BRF:65
BRH:48
end_of_record
TN:
SF:src\shared\fragment\locker.ts
FN:13,getFragmentDay
FN:22,completeDay
FN:37,(anonymous_2)
FN:55,getDayStatus
FN:65,getDayEditState
FNF:5
FNH:5
FNDA:3,getFragmentDay
FNDA:3,completeDay
FNDA:1,(anonymous_2)
FNDA:1,getDayStatus
FNDA:1,getDayEditState
DA:7,1
DA:8,1
DA:9,1
DA:13,1
DA:18,3
DA:22,1
DA:31,3
DA:33,3
DA:34,1
DA:37,2
DA:38,1
DA:41,1
DA:42,1
DA:43,0
DA:46,1
DA:47,1
DA:48,0
DA:51,1
DA:55,1
DA:60,1
DA:61,1
DA:65,1
DA:70,1
DA:71,1
LF:24
LH:22
BRDA:31,0,0,3
BRDA:31,0,1,1
BRDA:33,1,0,1
BRDA:37,2,0,1
BRDA:37,3,0,1
BRDA:37,3,1,1
BRDA:42,4,0,0
BRDA:42,5,0,1
BRDA:42,5,1,0
BRDA:47,6,0,0
BRF:10
BRH:7
end_of_record
TN:
SF:src\shared\fragment\models.ts
FN:75,fragmentToDict
FN:94,fragmentFromDict
FN:117,fragmentDayToDict
FN:132,fragmentDayFromDict
FN:136,(anonymous_4)
FN:151,getFragmentCount
FN:155,getNonEmptyFragments
FN:156,(anonymous_7)
FN:159,hasContent
FNF:9
FNH:9
FNDA:76,fragmentToDict
FNDA:75,fragmentFromDict
FNDA:30,fragmentDayToDict
FNDA:29,fragmentDayFromDict
FNDA:73,(anonymous_4)
FNDA:1,getFragmentCount
FNDA:3,getNonEmptyFragments
FNDA:5,(anonymous_7)
FNDA:2,hasContent
DA:75,7
DA:76,76
DA:94,7
DA:95,75
DA:117,7
DA:118,30
DA:132,7
DA:133,29
DA:136,73
DA:151,7
DA:152,1
DA:155,7
DA:156,5
DA:159,7
DA:160,2
DA:167,7
DA:173,7
DA:180,7
DA:187,7
DA:194,7
DA:201,7
DA:207,7
DA:213,7
DA:219,7
DA:230,7
LF:25
LH:25
BRDA:98,0,0,75
BRDA:98,0,1,1
BRDA:100,1,0,75
BRDA:100,1,1,71
BRDA:101,2,0,75
BRDA:101,2,1,1
BRDA:102,3,0,75
BRDA:102,3,1,1
BRDA:103,4,0,75
BRDA:103,4,1,1
BRDA:104,5,0,75
BRDA:104,5,1,1
BRDA:106,6,0,75
BRDA:106,6,1,75
BRDA:136,7,0,29
BRDA:136,7,1,0
BRDA:137,8,0,29
BRDA:137,8,1,1
BRDA:138,9,0,29
BRDA:138,9,1,28
BRDA:139,10,0,29
BRDA:139,10,1,29
BRDA:140,11,0,29
BRDA:140,11,1,1
BRDA:141,12,0,29
BRDA:141,12,1,29
BRDA:156,13,0,5
BRDA:156,13,1,3
BRF:28
BRH:27
end_of_record
TN:
SF:src\shared\fragment\prompt_generator.ts
FN:49,getBasePrompt
FN:56,generateSingleFragmentPrompt
FN:89,generateMultiFragmentPrompt
FN:110,(anonymous_3)
FN:125,mergeOrigins
FN:137,mergeMoods
FN:138,(anonymous_6)
FN:138,(anonymous_7)
FN:148,concatContents
FN:149,(anonymous_9)
FNF:10
FNH:10
FNDA:21,getBasePrompt
FNDA:20,generateSingleFragmentPrompt
FNDA:3,generateMultiFragmentPrompt
FNDA:2,(anonymous_3)
FNDA:2,mergeOrigins
FNDA:5,mergeMoods
FNDA:10,(anonymous_6)
FNDA:7,(anonymous_7)
FNDA:4,concatContents
FNDA:7,(anonymous_9)
DA:6,1
DA:18,1
DA:42,1
DA:43,1
DA:50,21
DA:51,21
DA:52,21
DA:53,21
DA:56,1
DA:60,20
DA:62,20
DA:63,1
DA:64,1
DA:65,1
DA:67,1
DA:70,19
DA:71,1
DA:72,1
DA:73,1
DA:76,18
DA:77,1
DA:78,1
DA:82,17
DA:89,1
DA:93,3
DA:95,2
DA:96,1
DA:99,1
DA:100,1
DA:101,1
DA:104,1
DA:105,0
DA:106,0
DA:107,0
DA:110,2
DA:111,1
DA:114,1
DA:115,1
DA:118,1
DA:125,1
DA:126,2
DA:127,2
DA:128,2
DA:129,5
DA:130,4
DA:131,4
DA:134,2
DA:137,1
DA:138,10
DA:140,5
DA:141,4
DA:143,3
DA:144,3
DA:145,1
DA:148,1
DA:149,7
DA:151,4
DA:152,4
DA:154,2
DA:155,2
DA:156,2
DA:157,2
DA:160,2
DA:161,0
DA:164,2
LF:65
LH:61
BRDA:51,0,0,0
BRDA:52,1,0,21
BRDA:52,1,1,3
BRDA:53,2,0,21
BRDA:53,2,1,0
BRDA:62,3,0,1
BRDA:62,4,0,20
BRDA:62,4,1,1
BRDA:63,5,0,1
BRDA:63,5,1,0
BRDA:64,6,0,1
BRDA:70,7,0,1
BRDA:70,8,0,19
BRDA:70,8,1,1
BRDA:71,9,0,1
BRDA:71,9,1,0
BRDA:76,10,0,1
BRDA:93,11,0,1
BRDA:95,12,0,1
BRDA:104,13,0,0
BRDA:104,13,1,1
BRDA:104,14,0,1
BRDA:104,14,1,0
BRDA:106,15,0,0
BRDA:114,16,0,1
BRDA:129,17,0,4
BRDA:140,18,0,1
BRDA:141,19,0,1
BRDA:144,20,0,2
BRDA:149,21,0,7
BRDA:149,21,1,6
BRDA:151,22,0,0
BRDA:152,23,0,2
BRDA:160,24,0,0
BRF:34
BRH:25
end_of_record
TN:
SF:src\shared\fragment\state_machine.ts
FN:17,getStatus
FN:35,getEditState
FN:52,canEdit
FN:56,canGenerate
FN:60,canRegenerate
FN:64,canDelete
FN:69,canIntegrate
FN:73,canAddFragment
FN:82,transitionToCompleted
FN:97,transitionToExpired
FN:109,canUndoIntegration
FN:120,undoIntegration
FNF:12
FNH:12
FNDA:35,getStatus
FNDA:10,getEditState
FNDA:6,canEdit
FNDA:2,canGenerate
FNDA:3,canRegenerate
FNDA:5,canDelete
FNDA:4,canIntegrate
FNDA:30,canAddFragment
FNDA:2,transitionToCompleted
FNDA:1,transitionToExpired
FNDA:3,canUndoIntegration
FNDA:1,undoIntegration
DA:9,3
DA:17,3
DA:22,35
DA:24,33
DA:26,33
DA:28,3
DA:30,3
DA:31,2
DA:35,3
DA:39,10
DA:41,8
DA:42,1
DA:45,7
DA:52,3
DA:53,6
DA:56,3
DA:57,2
DA:60,3
DA:61,3
DA:64,3
DA:65,5
DA:66,4
DA:69,3
DA:70,4
DA:73,3
DA:74,30
DA:82,3
DA:87,2
DA:97,3
DA:98,1
DA:109,3
DA:113,3
DA:114,2
DA:116,1
DA:117,1
DA:120,3
DA:121,1
LF:37
LH:37
BRDA:22,0,0,2
BRDA:24,1,0,33
BRDA:24,1,1,3
BRDA:26,2,0,30
BRDA:30,3,0,1
BRDA:39,4,0,2
BRDA:41,5,0,1
BRDA:41,6,0,8
BRDA:41,6,1,3
BRDA:65,7,0,1
BRDA:70,8,0,4
BRDA:70,8,1,3
BRDA:113,9,0,1
BRDA:114,10,0,1
BRDA:116,11,0,1
BRDA:116,11,1,0
BRF:16
BRH:15
end_of_record
TN:
SF:src\shared\fragment\storage.ts
FN:18,fragmentDatePath
FN:27,ensureFragmentDir
FN:33,loadFragmentDay
FN:66,saveFragmentDay
FN:83,findFragment
FNF:5
FNH:5
FNDA:76,fragmentDatePath
FNDA:29,ensureFragmentDir
FNDA:47,loadFragmentDay
FNDA:29,saveFragmentDay
FNDA:12,findFragment
DA:7,3
DA:8,3
DA:9,3
DA:15,3
DA:23,76
DA:28,29
DA:29,29
DA:33,3
DA:38,47
DA:40,47
DA:41,27
DA:42,27
DA:43,27
DA:44,27
DA:50,20
DA:51,20
DA:66,3
DA:70,29
DA:72,29
DA:73,29
DA:74,29
DA:75,29
DA:76,29
DA:78,0
DA:83,3
DA:88,12
DA:89,12
DA:90,3
DA:93,9
DA:94,9
DA:95,0
DA:97,9
DA:99,9
DA:100,9
DA:101,1
DA:104,8
DA:105,8
DA:106,8
DA:107,8
DA:108,8
DA:109,8
DA:110,7
DA:111,7
DA:116,1
LF:44
LH:42
BRDA:40,0,0,27
BRDA:78,1,0,0
BRDA:78,1,1,0
BRDA:89,2,0,3
BRDA:94,3,0,0
BRDA:100,4,0,1
BRDA:106,5,0,0
BRDA:110,6,0,7
BRF:8
BRH:4
end_of_record
TN:
SF:src\shared\fragment\tag_recommender.ts
FN:41,getDefaultTagLibrary
FN:69,(anonymous_1)
FN:73,(anonymous_2)
FN:91,(anonymous_3)
FN:105,(anonymous_4)
FN:119,(anonymous_5)
FN:123,(anonymous_6)
FN:133,(anonymous_7)
FN:141,(anonymous_8)
FN:150,(anonymous_9)
FN:155,(anonymous_10)
FN:156,(anonymous_11)
FN:161,(anonymous_12)
FN:182,(anonymous_13)
FNF:14
FNH:13
FNDA:13,getDefaultTagLibrary
FNDA:13,(anonymous_1)
FNDA:3,(anonymous_2)
FNDA:13,(anonymous_3)
FNDA:4,(anonymous_4)
FNDA:8,(anonymous_5)
FNDA:1,(anonymous_6)
FNDA:1,(anonymous_7)
FNDA:4,(anonymous_8)
FNDA:20,(anonymous_9)
FNDA:20,(anonymous_10)
FNDA:0,(anonymous_11)
FNDA:24,(anonymous_12)
FNDA:13,(anonymous_13)
DA:6,1
DA:7,1
DA:13,1
DA:14,1
DA:15,1
DA:16,1
DA:42,13
DA:65,1
DA:67,13
DA:70,13
DA:79,3
DA:80,1
DA:83,2
DA:85,2
DA:92,13
DA:93,13
DA:94,5
DA:95,5
DA:97,13
DA:98,13
DA:100,13
DA:101,3
DA:106,4
DA:107,4
DA:108,0
DA:109,0
DA:111,4
DA:112,4
DA:114,4
DA:115,1
DA:120,8
DA:124,1
DA:134,1
DA:146,4
DA:147,4
DA:149,4
DA:150,20
DA:155,20
DA:156,0
DA:158,4
DA:162,24
DA:163,24
DA:165,24
DA:166,58
DA:167,3
DA:170,24
DA:171,44
DA:172,2
DA:175,24
DA:176,3
DA:179,24
DA:183,13
DA:185,0
DA:186,0
DA:188,0
DA:189,0
DA:190,0
DA:192,0
LF:58
LH:49
BRDA:79,0,0,1
BRDA:79,1,0,3
BRDA:79,1,1,2
BRDA:93,2,0,5
BRDA:100,3,0,3
BRDA:107,4,0,0
BRDA:114,5,0,1
BRDA:120,6,0,8
BRDA:120,6,1,5
BRDA:125,7,0,1
BRDA:125,7,1,0
BRDA:147,8,0,0
BRDA:166,9,0,3
BRDA:171,10,0,2
BRDA:175,11,0,3
BRDA:183,12,0,13
BRDA:186,13,0,0
BRF:17
BRH:13
end_of_record
TN:
SF:src\shared\fragment\utils.ts
FN:36,generateFragmentId
FN:68,getCurrentDatetime
FN:72,getCurrentDate
FN:76,getCurrentTime
FN:85,parseDate
FN:89,calculateDaysBetween
FN:95,isExpired
FN:101,isToday
FN:105,isWithinRetroactiveRange
FN:120,validateContent
FN:172,isEmojiOnly
FN:184,getFragmentDatePath
FN:196,formatFragmentSummary
FN:211,getOriginDisplay
FN:215,getMoodEmoji
FN:220,getMoodDisplay
FN:225,getWritingModeDisplay
FNF:17
FNH:16
FNDA:45,generateFragmentId
FNDA:50,getCurrentDatetime
FNDA:31,getCurrentDate
FNDA:23,getCurrentTime
FNDA:26,parseDate
FNDA:13,calculateDaysBetween
FNDA:3,isExpired
FNDA:2,isToday
FNDA:4,isWithinRetroactiveRange
FNDA:33,validateContent
FNDA:36,isEmojiOnly
FNDA:0,getFragmentDatePath
FNDA:4,formatFragmentSummary
FNDA:4,getOriginDisplay
FNDA:3,getMoodEmoji
FNDA:2,getMoodDisplay
FNDA:3,getWritingModeDisplay
DA:6,5
DA:7,5
DA:8,5
DA:19,5
DA:20,5
DA:22,5
DA:23,5
DA:24,5
DA:26,5
DA:28,5
DA:29,5
DA:36,5
DA:37,45
DA:39,45
DA:44,45
DA:45,21
DA:46,21
DA:48,24
DA:49,24
DA:56,45
DA:61,45
DA:68,5
DA:69,50
DA:72,5
DA:73,31
DA:76,5
DA:77,23
DA:78,23
DA:85,5
DA:86,26
DA:89,5
DA:90,13
DA:91,13
DA:92,13
DA:95,5
DA:96,3
DA:97,3
DA:98,3
DA:101,5
DA:102,2
DA:105,5
DA:109,4
DA:110,4
DA:111,4
DA:118,5
DA:120,5
DA:124,33
DA:125,1
DA:131,32
DA:132,2
DA:135,30
DA:136,1
DA:139,29
DA:141,29
DA:142,2
DA:143,1
DA:149,27
DA:150,2
DA:157,26
DA:158,2
DA:164,24
DA:172,5
DA:173,36
DA:176,35
DA:177,35
DA:184,5
DA:189,0
DA:196,5
DA:200,4
DA:202,2
DA:204,1
DA:211,5
DA:212,4
DA:215,5
DA:216,3
DA:217,2
DA:220,5
DA:221,2
DA:222,1
DA:225,5
DA:226,3
LF:81
LH:80
BRDA:44,0,0,21
BRDA:44,0,1,24
BRDA:96,1,0,3
BRDA:96,1,1,0
BRDA:102,2,0,2
BRDA:102,2,1,1
BRDA:109,3,0,4
BRDA:109,3,1,0
BRDA:111,4,0,4
BRDA:111,4,1,3
BRDA:124,5,0,1
BRDA:131,6,0,2
BRDA:131,7,0,32
BRDA:131,7,1,30
BRDA:135,8,0,1
BRDA:141,9,0,2
BRDA:141,9,1,27
BRDA:142,10,0,1
BRDA:149,11,0,2
BRDA:157,12,0,2
BRDA:173,13,0,1
BRDA:198,14,0,4
BRDA:200,15,0,2
BRDA:202,16,0,1
BRDA:212,17,0,4
BRDA:212,17,1,1
BRDA:216,18,0,1
BRDA:217,19,0,2
BRDA:217,19,1,1
BRDA:221,20,0,1
BRDA:222,21,0,1
BRDA:222,21,1,0
BRDA:226,22,0,3
BRDA:226,22,1,1
BRF:34
BRH:31
end_of_record
TN:
SF:src\shared\persistence\intimateToggle.ts
FN:19,readIntimateConfig
FN:26,writeIntimateConfig
FN:40,getIntimateStatus
FN:54,setIntimate
FNF:4
FNH:4
FNDA:12,readIntimateConfig
FNDA:6,writeIntimateConfig
FNDA:2,getIntimateStatus
FNDA:4,setIntimate
DA:12,2
DA:13,2
DA:16,2
DA:19,2
DA:20,12
DA:21,8
DA:22,8
DA:26,2
DA:27,6
DA:40,2
DA:44,2
DA:45,2
DA:46,1
DA:47,1
DA:54,2
DA:59,4
DA:60,4
DA:61,3
DA:62,3
DA:63,3
DA:64,2
DA:66,3
LF:22
LH:22
BRDA:20,0,0,4
BRDA:22,1,0,8
BRDA:22,1,1,3
BRDA:27,2,0,4
BRDA:27,2,1,2
BRDA:45,3,0,1
BRDA:60,4,0,1
BRDA:63,5,0,2
BRF:8
BRH:8
end_of_record
TN:
SF:src\shared\persistence\settingsStore.ts
FN:16,readJson
FN:27,writeJson
FN:38,getSettings
FN:47,updateSettings
FNF:4
FNH:4
FNDA:35,readJson
FNDA:24,writeJson
FNDA:6,getSettings
FNDA:3,updateSettings
DA:12,3
DA:13,3
DA:16,3
DA:17,35
DA:18,35
DA:19,29
DA:20,29
DA:22,1
DA:27,3
DA:28,24
DA:29,24
DA:30,24
DA:31,24
DA:33,0
DA:38,3
DA:39,6
DA:40,6
DA:47,3
DA:51,3
DA:52,3
LF:20
LH:19
BRDA:18,0,0,6
BRDA:40,1,0,6
BRDA:40,1,1,4
BRF:3
BRH:3
end_of_record
